ARM GAS  C:\Users\almsk\AppData\Local\Temp\ccYOEwuq.s 			page 1


   1              		.syntax unified
   2              		.cpu cortex-m3
   3              		.fpu softvfp
   4              		.eabi_attribute 20, 1
   5              		.eabi_attribute 21, 1
   6              		.eabi_attribute 23, 3
   7              		.eabi_attribute 24, 1
   8              		.eabi_attribute 25, 1
   9              		.eabi_attribute 26, 1
  10              		.eabi_attribute 30, 6
  11              		.eabi_attribute 34, 1
  12              		.eabi_attribute 18, 4
  13              		.thumb
  14              		.syntax unified
  15              		.file	"ISR_DMA_1.c"
  16              		.text
  17              	.Ltext0:
  18              		.cfi_sections	.debug_frame
  19              		.section	.text.ISR_DMA_1_Start,"ax",%progbits
  20              		.align	2
  21              		.global	ISR_DMA_1_Start
  22              		.thumb
  23              		.thumb_func
  24              		.type	ISR_DMA_1_Start, %function
  25              	ISR_DMA_1_Start:
  26              	.LFB0:
  27              		.file 1 "Generated_Source\\PSoC5\\ISR_DMA_1.c"
   1:Generated_Source\PSoC5/ISR_DMA_1.c **** /*******************************************************************************
   2:Generated_Source\PSoC5/ISR_DMA_1.c **** * File Name: ISR_DMA_1.c  
   3:Generated_Source\PSoC5/ISR_DMA_1.c **** * Version 1.70
   4:Generated_Source\PSoC5/ISR_DMA_1.c **** *
   5:Generated_Source\PSoC5/ISR_DMA_1.c **** *  Description:
   6:Generated_Source\PSoC5/ISR_DMA_1.c **** *   API for controlling the state of an interrupt.
   7:Generated_Source\PSoC5/ISR_DMA_1.c **** *
   8:Generated_Source\PSoC5/ISR_DMA_1.c **** *
   9:Generated_Source\PSoC5/ISR_DMA_1.c **** *  Note:
  10:Generated_Source\PSoC5/ISR_DMA_1.c **** *
  11:Generated_Source\PSoC5/ISR_DMA_1.c **** ********************************************************************************
  12:Generated_Source\PSoC5/ISR_DMA_1.c **** * Copyright 2008-2015, Cypress Semiconductor Corporation.  All rights reserved.
  13:Generated_Source\PSoC5/ISR_DMA_1.c **** * You may use this file only in accordance with the license, terms, conditions, 
  14:Generated_Source\PSoC5/ISR_DMA_1.c **** * disclaimers, and limitations in the end user license agreement accompanying 
  15:Generated_Source\PSoC5/ISR_DMA_1.c **** * the software package with which this file was provided.
  16:Generated_Source\PSoC5/ISR_DMA_1.c **** *******************************************************************************/
  17:Generated_Source\PSoC5/ISR_DMA_1.c **** 
  18:Generated_Source\PSoC5/ISR_DMA_1.c **** 
  19:Generated_Source\PSoC5/ISR_DMA_1.c **** #include <cydevice_trm.h>
  20:Generated_Source\PSoC5/ISR_DMA_1.c **** #include <CyLib.h>
  21:Generated_Source\PSoC5/ISR_DMA_1.c **** #include <ISR_DMA_1.h>
  22:Generated_Source\PSoC5/ISR_DMA_1.c **** #include "cyapicallbacks.h"
  23:Generated_Source\PSoC5/ISR_DMA_1.c **** 
  24:Generated_Source\PSoC5/ISR_DMA_1.c **** #if !defined(ISR_DMA_1__REMOVED) /* Check for removal by optimization */
  25:Generated_Source\PSoC5/ISR_DMA_1.c **** 
  26:Generated_Source\PSoC5/ISR_DMA_1.c **** /*******************************************************************************
  27:Generated_Source\PSoC5/ISR_DMA_1.c **** *  Place your includes, defines and code here 
  28:Generated_Source\PSoC5/ISR_DMA_1.c **** ********************************************************************************/
  29:Generated_Source\PSoC5/ISR_DMA_1.c **** /* `#START ISR_DMA_1_intc` */
  30:Generated_Source\PSoC5/ISR_DMA_1.c **** extern volatile uint8 DMADone_1_flag;
ARM GAS  C:\Users\almsk\AppData\Local\Temp\ccYOEwuq.s 			page 2


  31:Generated_Source\PSoC5/ISR_DMA_1.c **** /* `#END` */
  32:Generated_Source\PSoC5/ISR_DMA_1.c **** 
  33:Generated_Source\PSoC5/ISR_DMA_1.c **** #ifndef CYINT_IRQ_BASE
  34:Generated_Source\PSoC5/ISR_DMA_1.c **** #define CYINT_IRQ_BASE      16
  35:Generated_Source\PSoC5/ISR_DMA_1.c **** #endif /* CYINT_IRQ_BASE */
  36:Generated_Source\PSoC5/ISR_DMA_1.c **** #ifndef CYINT_VECT_TABLE
  37:Generated_Source\PSoC5/ISR_DMA_1.c **** #define CYINT_VECT_TABLE    ((cyisraddress **) CYREG_NVIC_VECT_OFFSET)
  38:Generated_Source\PSoC5/ISR_DMA_1.c **** #endif /* CYINT_VECT_TABLE */
  39:Generated_Source\PSoC5/ISR_DMA_1.c **** 
  40:Generated_Source\PSoC5/ISR_DMA_1.c **** /* Declared in startup, used to set unused interrupts to. */
  41:Generated_Source\PSoC5/ISR_DMA_1.c **** CY_ISR_PROTO(IntDefaultHandler);
  42:Generated_Source\PSoC5/ISR_DMA_1.c **** 
  43:Generated_Source\PSoC5/ISR_DMA_1.c **** 
  44:Generated_Source\PSoC5/ISR_DMA_1.c **** /*******************************************************************************
  45:Generated_Source\PSoC5/ISR_DMA_1.c **** * Function Name: ISR_DMA_1_Start
  46:Generated_Source\PSoC5/ISR_DMA_1.c **** ********************************************************************************
  47:Generated_Source\PSoC5/ISR_DMA_1.c **** *
  48:Generated_Source\PSoC5/ISR_DMA_1.c **** * Summary:
  49:Generated_Source\PSoC5/ISR_DMA_1.c **** *  Set up the interrupt and enable it. This function disables the interrupt, 
  50:Generated_Source\PSoC5/ISR_DMA_1.c **** *  sets the default interrupt vector, sets the priority from the value in the
  51:Generated_Source\PSoC5/ISR_DMA_1.c **** *  Design Wide Resources Interrupt Editor, then enables the interrupt to the 
  52:Generated_Source\PSoC5/ISR_DMA_1.c **** *  interrupt controller.
  53:Generated_Source\PSoC5/ISR_DMA_1.c **** *
  54:Generated_Source\PSoC5/ISR_DMA_1.c **** * Parameters:  
  55:Generated_Source\PSoC5/ISR_DMA_1.c **** *   None
  56:Generated_Source\PSoC5/ISR_DMA_1.c **** *
  57:Generated_Source\PSoC5/ISR_DMA_1.c **** * Return:
  58:Generated_Source\PSoC5/ISR_DMA_1.c **** *   None
  59:Generated_Source\PSoC5/ISR_DMA_1.c **** *
  60:Generated_Source\PSoC5/ISR_DMA_1.c **** *******************************************************************************/
  61:Generated_Source\PSoC5/ISR_DMA_1.c **** void ISR_DMA_1_Start(void)
  62:Generated_Source\PSoC5/ISR_DMA_1.c **** {
  28              		.loc 1 62 0
  29              		.cfi_startproc
  30              		@ args = 0, pretend = 0, frame = 0
  31              		@ frame_needed = 1, uses_anonymous_args = 0
  32 0000 80B5     		push	{r7, lr}
  33              		.cfi_def_cfa_offset 8
  34              		.cfi_offset 7, -8
  35              		.cfi_offset 14, -4
  36 0002 00AF     		add	r7, sp, #0
  37              		.cfi_def_cfa_register 7
  63:Generated_Source\PSoC5/ISR_DMA_1.c ****     /* For all we know the interrupt is active. */
  64:Generated_Source\PSoC5/ISR_DMA_1.c ****     ISR_DMA_1_Disable();
  38              		.loc 1 64 0
  39 0004 FFF7FEFF 		bl	ISR_DMA_1_Disable
  65:Generated_Source\PSoC5/ISR_DMA_1.c **** 
  66:Generated_Source\PSoC5/ISR_DMA_1.c ****     /* Set the ISR to point to the ISR_DMA_1 Interrupt. */
  67:Generated_Source\PSoC5/ISR_DMA_1.c ****     ISR_DMA_1_SetVector(&ISR_DMA_1_Interrupt);
  40              		.loc 1 67 0
  41 0008 0448     		ldr	r0, .L2
  42 000a FFF7FEFF 		bl	ISR_DMA_1_SetVector
  68:Generated_Source\PSoC5/ISR_DMA_1.c **** 
  69:Generated_Source\PSoC5/ISR_DMA_1.c ****     /* Set the priority. */
  70:Generated_Source\PSoC5/ISR_DMA_1.c ****     ISR_DMA_1_SetPriority((uint8)ISR_DMA_1_INTC_PRIOR_NUMBER);
  43              		.loc 1 70 0
  44 000e 0720     		movs	r0, #7
ARM GAS  C:\Users\almsk\AppData\Local\Temp\ccYOEwuq.s 			page 3


  45 0010 FFF7FEFF 		bl	ISR_DMA_1_SetPriority
  71:Generated_Source\PSoC5/ISR_DMA_1.c **** 
  72:Generated_Source\PSoC5/ISR_DMA_1.c ****     /* Enable it. */
  73:Generated_Source\PSoC5/ISR_DMA_1.c ****     ISR_DMA_1_Enable();
  46              		.loc 1 73 0
  47 0014 FFF7FEFF 		bl	ISR_DMA_1_Enable
  74:Generated_Source\PSoC5/ISR_DMA_1.c **** }
  48              		.loc 1 74 0
  49 0018 00BF     		nop
  50 001a 80BD     		pop	{r7, pc}
  51              	.L3:
  52              		.align	2
  53              	.L2:
  54 001c 00000000 		.word	ISR_DMA_1_Interrupt
  55              		.cfi_endproc
  56              	.LFE0:
  57              		.size	ISR_DMA_1_Start, .-ISR_DMA_1_Start
  58              		.section	.text.ISR_DMA_1_StartEx,"ax",%progbits
  59              		.align	2
  60              		.global	ISR_DMA_1_StartEx
  61              		.thumb
  62              		.thumb_func
  63              		.type	ISR_DMA_1_StartEx, %function
  64              	ISR_DMA_1_StartEx:
  65              	.LFB1:
  75:Generated_Source\PSoC5/ISR_DMA_1.c **** 
  76:Generated_Source\PSoC5/ISR_DMA_1.c **** 
  77:Generated_Source\PSoC5/ISR_DMA_1.c **** /*******************************************************************************
  78:Generated_Source\PSoC5/ISR_DMA_1.c **** * Function Name: ISR_DMA_1_StartEx
  79:Generated_Source\PSoC5/ISR_DMA_1.c **** ********************************************************************************
  80:Generated_Source\PSoC5/ISR_DMA_1.c **** *
  81:Generated_Source\PSoC5/ISR_DMA_1.c **** * Summary:
  82:Generated_Source\PSoC5/ISR_DMA_1.c **** *  Sets up the interrupt and enables it. This function disables the interrupt,
  83:Generated_Source\PSoC5/ISR_DMA_1.c **** *  sets the interrupt vector based on the address passed in, sets the priority 
  84:Generated_Source\PSoC5/ISR_DMA_1.c **** *  from the value in the Design Wide Resources Interrupt Editor, then enables 
  85:Generated_Source\PSoC5/ISR_DMA_1.c **** *  the interrupt to the interrupt controller.
  86:Generated_Source\PSoC5/ISR_DMA_1.c **** *  
  87:Generated_Source\PSoC5/ISR_DMA_1.c **** *  When defining ISR functions, the CY_ISR and CY_ISR_PROTO macros should be 
  88:Generated_Source\PSoC5/ISR_DMA_1.c **** *  used to provide consistent definition across compilers:
  89:Generated_Source\PSoC5/ISR_DMA_1.c **** *  
  90:Generated_Source\PSoC5/ISR_DMA_1.c **** *  Function definition example:
  91:Generated_Source\PSoC5/ISR_DMA_1.c **** *   CY_ISR(MyISR)
  92:Generated_Source\PSoC5/ISR_DMA_1.c **** *   {
  93:Generated_Source\PSoC5/ISR_DMA_1.c **** *   }
  94:Generated_Source\PSoC5/ISR_DMA_1.c **** *   Function prototype example:
  95:Generated_Source\PSoC5/ISR_DMA_1.c **** *   CY_ISR_PROTO(MyISR);
  96:Generated_Source\PSoC5/ISR_DMA_1.c **** *
  97:Generated_Source\PSoC5/ISR_DMA_1.c **** * Parameters:  
  98:Generated_Source\PSoC5/ISR_DMA_1.c **** *   address: Address of the ISR to set in the interrupt vector table.
  99:Generated_Source\PSoC5/ISR_DMA_1.c **** *
 100:Generated_Source\PSoC5/ISR_DMA_1.c **** * Return:
 101:Generated_Source\PSoC5/ISR_DMA_1.c **** *   None
 102:Generated_Source\PSoC5/ISR_DMA_1.c **** *
 103:Generated_Source\PSoC5/ISR_DMA_1.c **** *******************************************************************************/
 104:Generated_Source\PSoC5/ISR_DMA_1.c **** void ISR_DMA_1_StartEx(cyisraddress address)
 105:Generated_Source\PSoC5/ISR_DMA_1.c **** {
  66              		.loc 1 105 0
ARM GAS  C:\Users\almsk\AppData\Local\Temp\ccYOEwuq.s 			page 4


  67              		.cfi_startproc
  68              		@ args = 0, pretend = 0, frame = 8
  69              		@ frame_needed = 1, uses_anonymous_args = 0
  70 0000 80B5     		push	{r7, lr}
  71              		.cfi_def_cfa_offset 8
  72              		.cfi_offset 7, -8
  73              		.cfi_offset 14, -4
  74 0002 82B0     		sub	sp, sp, #8
  75              		.cfi_def_cfa_offset 16
  76 0004 00AF     		add	r7, sp, #0
  77              		.cfi_def_cfa_register 7
  78 0006 7860     		str	r0, [r7, #4]
 106:Generated_Source\PSoC5/ISR_DMA_1.c ****     /* For all we know the interrupt is active. */
 107:Generated_Source\PSoC5/ISR_DMA_1.c ****     ISR_DMA_1_Disable();
  79              		.loc 1 107 0
  80 0008 FFF7FEFF 		bl	ISR_DMA_1_Disable
 108:Generated_Source\PSoC5/ISR_DMA_1.c **** 
 109:Generated_Source\PSoC5/ISR_DMA_1.c ****     /* Set the ISR to point to the ISR_DMA_1 Interrupt. */
 110:Generated_Source\PSoC5/ISR_DMA_1.c ****     ISR_DMA_1_SetVector(address);
  81              		.loc 1 110 0
  82 000c 7868     		ldr	r0, [r7, #4]
  83 000e FFF7FEFF 		bl	ISR_DMA_1_SetVector
 111:Generated_Source\PSoC5/ISR_DMA_1.c **** 
 112:Generated_Source\PSoC5/ISR_DMA_1.c ****     /* Set the priority. */
 113:Generated_Source\PSoC5/ISR_DMA_1.c ****     ISR_DMA_1_SetPriority((uint8)ISR_DMA_1_INTC_PRIOR_NUMBER);
  84              		.loc 1 113 0
  85 0012 0720     		movs	r0, #7
  86 0014 FFF7FEFF 		bl	ISR_DMA_1_SetPriority
 114:Generated_Source\PSoC5/ISR_DMA_1.c **** 
 115:Generated_Source\PSoC5/ISR_DMA_1.c ****     /* Enable it. */
 116:Generated_Source\PSoC5/ISR_DMA_1.c ****     ISR_DMA_1_Enable();
  87              		.loc 1 116 0
  88 0018 FFF7FEFF 		bl	ISR_DMA_1_Enable
 117:Generated_Source\PSoC5/ISR_DMA_1.c **** }
  89              		.loc 1 117 0
  90 001c 00BF     		nop
  91 001e 0837     		adds	r7, r7, #8
  92              		.cfi_def_cfa_offset 8
  93 0020 BD46     		mov	sp, r7
  94              		.cfi_def_cfa_register 13
  95              		@ sp needed
  96 0022 80BD     		pop	{r7, pc}
  97              		.cfi_endproc
  98              	.LFE1:
  99              		.size	ISR_DMA_1_StartEx, .-ISR_DMA_1_StartEx
 100              		.section	.text.ISR_DMA_1_Stop,"ax",%progbits
 101              		.align	2
 102              		.global	ISR_DMA_1_Stop
 103              		.thumb
 104              		.thumb_func
 105              		.type	ISR_DMA_1_Stop, %function
 106              	ISR_DMA_1_Stop:
 107              	.LFB2:
 118:Generated_Source\PSoC5/ISR_DMA_1.c **** 
 119:Generated_Source\PSoC5/ISR_DMA_1.c **** 
 120:Generated_Source\PSoC5/ISR_DMA_1.c **** /*******************************************************************************
 121:Generated_Source\PSoC5/ISR_DMA_1.c **** * Function Name: ISR_DMA_1_Stop
ARM GAS  C:\Users\almsk\AppData\Local\Temp\ccYOEwuq.s 			page 5


 122:Generated_Source\PSoC5/ISR_DMA_1.c **** ********************************************************************************
 123:Generated_Source\PSoC5/ISR_DMA_1.c **** *
 124:Generated_Source\PSoC5/ISR_DMA_1.c **** * Summary:
 125:Generated_Source\PSoC5/ISR_DMA_1.c **** *   Disables and removes the interrupt.
 126:Generated_Source\PSoC5/ISR_DMA_1.c **** *
 127:Generated_Source\PSoC5/ISR_DMA_1.c **** * Parameters:  
 128:Generated_Source\PSoC5/ISR_DMA_1.c **** *   None
 129:Generated_Source\PSoC5/ISR_DMA_1.c **** *
 130:Generated_Source\PSoC5/ISR_DMA_1.c **** * Return:
 131:Generated_Source\PSoC5/ISR_DMA_1.c **** *   None
 132:Generated_Source\PSoC5/ISR_DMA_1.c **** *
 133:Generated_Source\PSoC5/ISR_DMA_1.c **** *******************************************************************************/
 134:Generated_Source\PSoC5/ISR_DMA_1.c **** void ISR_DMA_1_Stop(void)
 135:Generated_Source\PSoC5/ISR_DMA_1.c **** {
 108              		.loc 1 135 0
 109              		.cfi_startproc
 110              		@ args = 0, pretend = 0, frame = 0
 111              		@ frame_needed = 1, uses_anonymous_args = 0
 112 0000 80B5     		push	{r7, lr}
 113              		.cfi_def_cfa_offset 8
 114              		.cfi_offset 7, -8
 115              		.cfi_offset 14, -4
 116 0002 00AF     		add	r7, sp, #0
 117              		.cfi_def_cfa_register 7
 136:Generated_Source\PSoC5/ISR_DMA_1.c ****     /* Disable this interrupt. */
 137:Generated_Source\PSoC5/ISR_DMA_1.c ****     ISR_DMA_1_Disable();
 118              		.loc 1 137 0
 119 0004 FFF7FEFF 		bl	ISR_DMA_1_Disable
 138:Generated_Source\PSoC5/ISR_DMA_1.c **** 
 139:Generated_Source\PSoC5/ISR_DMA_1.c ****     /* Set the ISR to point to the passive one. */
 140:Generated_Source\PSoC5/ISR_DMA_1.c ****     ISR_DMA_1_SetVector(&IntDefaultHandler);
 120              		.loc 1 140 0
 121 0008 0248     		ldr	r0, .L6
 122 000a FFF7FEFF 		bl	ISR_DMA_1_SetVector
 141:Generated_Source\PSoC5/ISR_DMA_1.c **** }
 123              		.loc 1 141 0
 124 000e 00BF     		nop
 125 0010 80BD     		pop	{r7, pc}
 126              	.L7:
 127 0012 00BF     		.align	2
 128              	.L6:
 129 0014 00000000 		.word	IntDefaultHandler
 130              		.cfi_endproc
 131              	.LFE2:
 132              		.size	ISR_DMA_1_Stop, .-ISR_DMA_1_Stop
 133              		.section	.text.ISR_DMA_1_Interrupt,"ax",%progbits
 134              		.align	2
 135              		.global	ISR_DMA_1_Interrupt
 136              		.thumb
 137              		.thumb_func
 138              		.type	ISR_DMA_1_Interrupt, %function
 139              	ISR_DMA_1_Interrupt:
 140              	.LFB3:
 142:Generated_Source\PSoC5/ISR_DMA_1.c **** 
 143:Generated_Source\PSoC5/ISR_DMA_1.c **** 
 144:Generated_Source\PSoC5/ISR_DMA_1.c **** /*******************************************************************************
 145:Generated_Source\PSoC5/ISR_DMA_1.c **** * Function Name: ISR_DMA_1_Interrupt
ARM GAS  C:\Users\almsk\AppData\Local\Temp\ccYOEwuq.s 			page 6


 146:Generated_Source\PSoC5/ISR_DMA_1.c **** ********************************************************************************
 147:Generated_Source\PSoC5/ISR_DMA_1.c **** *
 148:Generated_Source\PSoC5/ISR_DMA_1.c **** * Summary:
 149:Generated_Source\PSoC5/ISR_DMA_1.c **** *   The default Interrupt Service Routine for ISR_DMA_1.
 150:Generated_Source\PSoC5/ISR_DMA_1.c **** *
 151:Generated_Source\PSoC5/ISR_DMA_1.c **** *   Add custom code between the coments to keep the next version of this file
 152:Generated_Source\PSoC5/ISR_DMA_1.c **** *   from over writting your code.
 153:Generated_Source\PSoC5/ISR_DMA_1.c **** *
 154:Generated_Source\PSoC5/ISR_DMA_1.c **** * Parameters:  
 155:Generated_Source\PSoC5/ISR_DMA_1.c **** *
 156:Generated_Source\PSoC5/ISR_DMA_1.c **** * Return:
 157:Generated_Source\PSoC5/ISR_DMA_1.c **** *   None
 158:Generated_Source\PSoC5/ISR_DMA_1.c **** *
 159:Generated_Source\PSoC5/ISR_DMA_1.c **** *******************************************************************************/
 160:Generated_Source\PSoC5/ISR_DMA_1.c **** CY_ISR(ISR_DMA_1_Interrupt)
 161:Generated_Source\PSoC5/ISR_DMA_1.c **** {
 141              		.loc 1 161 0
 142              		.cfi_startproc
 143              		@ args = 0, pretend = 0, frame = 0
 144              		@ frame_needed = 1, uses_anonymous_args = 0
 145              		@ link register save eliminated.
 146 0000 80B4     		push	{r7}
 147              		.cfi_def_cfa_offset 4
 148              		.cfi_offset 7, -4
 149 0002 00AF     		add	r7, sp, #0
 150              		.cfi_def_cfa_register 7
 162:Generated_Source\PSoC5/ISR_DMA_1.c ****     #ifdef ISR_DMA_1_INTERRUPT_INTERRUPT_CALLBACK
 163:Generated_Source\PSoC5/ISR_DMA_1.c ****         ISR_DMA_1_Interrupt_InterruptCallback();
 164:Generated_Source\PSoC5/ISR_DMA_1.c ****     #endif /* ISR_DMA_1_INTERRUPT_INTERRUPT_CALLBACK */ 
 165:Generated_Source\PSoC5/ISR_DMA_1.c **** 
 166:Generated_Source\PSoC5/ISR_DMA_1.c ****     /*  Place your Interrupt code here. */
 167:Generated_Source\PSoC5/ISR_DMA_1.c ****     /* `#START ISR_DMA_1_Interrupt` */
 168:Generated_Source\PSoC5/ISR_DMA_1.c ****     DMADone_1_flag = 1;
 151              		.loc 1 168 0
 152 0004 034B     		ldr	r3, .L9
 153 0006 0122     		movs	r2, #1
 154 0008 1A70     		strb	r2, [r3]
 169:Generated_Source\PSoC5/ISR_DMA_1.c ****     /* `#END` */
 170:Generated_Source\PSoC5/ISR_DMA_1.c **** }
 155              		.loc 1 170 0
 156 000a 00BF     		nop
 157 000c BD46     		mov	sp, r7
 158              		.cfi_def_cfa_register 13
 159              		@ sp needed
 160 000e 80BC     		pop	{r7}
 161              		.cfi_restore 7
 162              		.cfi_def_cfa_offset 0
 163 0010 7047     		bx	lr
 164              	.L10:
 165 0012 00BF     		.align	2
 166              	.L9:
 167 0014 00000000 		.word	DMADone_1_flag
 168              		.cfi_endproc
 169              	.LFE3:
 170              		.size	ISR_DMA_1_Interrupt, .-ISR_DMA_1_Interrupt
 171              		.section	.text.ISR_DMA_1_SetVector,"ax",%progbits
 172              		.align	2
ARM GAS  C:\Users\almsk\AppData\Local\Temp\ccYOEwuq.s 			page 7


 173              		.global	ISR_DMA_1_SetVector
 174              		.thumb
 175              		.thumb_func
 176              		.type	ISR_DMA_1_SetVector, %function
 177              	ISR_DMA_1_SetVector:
 178              	.LFB4:
 171:Generated_Source\PSoC5/ISR_DMA_1.c **** 
 172:Generated_Source\PSoC5/ISR_DMA_1.c **** 
 173:Generated_Source\PSoC5/ISR_DMA_1.c **** /*******************************************************************************
 174:Generated_Source\PSoC5/ISR_DMA_1.c **** * Function Name: ISR_DMA_1_SetVector
 175:Generated_Source\PSoC5/ISR_DMA_1.c **** ********************************************************************************
 176:Generated_Source\PSoC5/ISR_DMA_1.c **** *
 177:Generated_Source\PSoC5/ISR_DMA_1.c **** * Summary:
 178:Generated_Source\PSoC5/ISR_DMA_1.c **** *   Change the ISR vector for the Interrupt. Note calling ISR_DMA_1_Start
 179:Generated_Source\PSoC5/ISR_DMA_1.c **** *   will override any effect this method would have had. To set the vector 
 180:Generated_Source\PSoC5/ISR_DMA_1.c **** *   before the component has been started use ISR_DMA_1_StartEx instead.
 181:Generated_Source\PSoC5/ISR_DMA_1.c **** * 
 182:Generated_Source\PSoC5/ISR_DMA_1.c **** *   When defining ISR functions, the CY_ISR and CY_ISR_PROTO macros should be 
 183:Generated_Source\PSoC5/ISR_DMA_1.c **** *   used to provide consistent definition across compilers:
 184:Generated_Source\PSoC5/ISR_DMA_1.c **** *
 185:Generated_Source\PSoC5/ISR_DMA_1.c **** *   Function definition example:
 186:Generated_Source\PSoC5/ISR_DMA_1.c **** *   CY_ISR(MyISR)
 187:Generated_Source\PSoC5/ISR_DMA_1.c **** *   {
 188:Generated_Source\PSoC5/ISR_DMA_1.c **** *   }
 189:Generated_Source\PSoC5/ISR_DMA_1.c **** *
 190:Generated_Source\PSoC5/ISR_DMA_1.c **** *   Function prototype example:
 191:Generated_Source\PSoC5/ISR_DMA_1.c **** *     CY_ISR_PROTO(MyISR);
 192:Generated_Source\PSoC5/ISR_DMA_1.c **** *
 193:Generated_Source\PSoC5/ISR_DMA_1.c **** * Parameters:
 194:Generated_Source\PSoC5/ISR_DMA_1.c **** *   address: Address of the ISR to set in the interrupt vector table.
 195:Generated_Source\PSoC5/ISR_DMA_1.c **** *
 196:Generated_Source\PSoC5/ISR_DMA_1.c **** * Return:
 197:Generated_Source\PSoC5/ISR_DMA_1.c **** *   None
 198:Generated_Source\PSoC5/ISR_DMA_1.c **** *
 199:Generated_Source\PSoC5/ISR_DMA_1.c **** *******************************************************************************/
 200:Generated_Source\PSoC5/ISR_DMA_1.c **** void ISR_DMA_1_SetVector(cyisraddress address)
 201:Generated_Source\PSoC5/ISR_DMA_1.c **** {
 179              		.loc 1 201 0
 180              		.cfi_startproc
 181              		@ args = 0, pretend = 0, frame = 16
 182              		@ frame_needed = 1, uses_anonymous_args = 0
 183              		@ link register save eliminated.
 184 0000 80B4     		push	{r7}
 185              		.cfi_def_cfa_offset 4
 186              		.cfi_offset 7, -4
 187 0002 85B0     		sub	sp, sp, #20
 188              		.cfi_def_cfa_offset 24
 189 0004 00AF     		add	r7, sp, #0
 190              		.cfi_def_cfa_register 7
 191 0006 7860     		str	r0, [r7, #4]
 202:Generated_Source\PSoC5/ISR_DMA_1.c ****     cyisraddress * ramVectorTable;
 203:Generated_Source\PSoC5/ISR_DMA_1.c **** 
 204:Generated_Source\PSoC5/ISR_DMA_1.c ****     ramVectorTable = (cyisraddress *) *CYINT_VECT_TABLE;
 192              		.loc 1 204 0
 193 0008 054B     		ldr	r3, .L12
 194 000a 1B68     		ldr	r3, [r3]
 195 000c FB60     		str	r3, [r7, #12]
ARM GAS  C:\Users\almsk\AppData\Local\Temp\ccYOEwuq.s 			page 8


 205:Generated_Source\PSoC5/ISR_DMA_1.c **** 
 206:Generated_Source\PSoC5/ISR_DMA_1.c ****     ramVectorTable[CYINT_IRQ_BASE + (uint32)ISR_DMA_1__INTC_NUMBER] = address;
 196              		.loc 1 206 0
 197 000e FB68     		ldr	r3, [r7, #12]
 198 0010 4033     		adds	r3, r3, #64
 199 0012 7A68     		ldr	r2, [r7, #4]
 200 0014 1A60     		str	r2, [r3]
 207:Generated_Source\PSoC5/ISR_DMA_1.c **** }
 201              		.loc 1 207 0
 202 0016 00BF     		nop
 203 0018 1437     		adds	r7, r7, #20
 204              		.cfi_def_cfa_offset 4
 205 001a BD46     		mov	sp, r7
 206              		.cfi_def_cfa_register 13
 207              		@ sp needed
 208 001c 80BC     		pop	{r7}
 209              		.cfi_restore 7
 210              		.cfi_def_cfa_offset 0
 211 001e 7047     		bx	lr
 212              	.L13:
 213              		.align	2
 214              	.L12:
 215 0020 08ED00E0 		.word	-536810232
 216              		.cfi_endproc
 217              	.LFE4:
 218              		.size	ISR_DMA_1_SetVector, .-ISR_DMA_1_SetVector
 219              		.section	.text.ISR_DMA_1_GetVector,"ax",%progbits
 220              		.align	2
 221              		.global	ISR_DMA_1_GetVector
 222              		.thumb
 223              		.thumb_func
 224              		.type	ISR_DMA_1_GetVector, %function
 225              	ISR_DMA_1_GetVector:
 226              	.LFB5:
 208:Generated_Source\PSoC5/ISR_DMA_1.c **** 
 209:Generated_Source\PSoC5/ISR_DMA_1.c **** 
 210:Generated_Source\PSoC5/ISR_DMA_1.c **** /*******************************************************************************
 211:Generated_Source\PSoC5/ISR_DMA_1.c **** * Function Name: ISR_DMA_1_GetVector
 212:Generated_Source\PSoC5/ISR_DMA_1.c **** ********************************************************************************
 213:Generated_Source\PSoC5/ISR_DMA_1.c **** *
 214:Generated_Source\PSoC5/ISR_DMA_1.c **** * Summary:
 215:Generated_Source\PSoC5/ISR_DMA_1.c **** *   Gets the "address" of the current ISR vector for the Interrupt.
 216:Generated_Source\PSoC5/ISR_DMA_1.c **** *
 217:Generated_Source\PSoC5/ISR_DMA_1.c **** * Parameters:
 218:Generated_Source\PSoC5/ISR_DMA_1.c **** *   None
 219:Generated_Source\PSoC5/ISR_DMA_1.c **** *
 220:Generated_Source\PSoC5/ISR_DMA_1.c **** * Return:
 221:Generated_Source\PSoC5/ISR_DMA_1.c **** *   Address of the ISR in the interrupt vector table.
 222:Generated_Source\PSoC5/ISR_DMA_1.c **** *
 223:Generated_Source\PSoC5/ISR_DMA_1.c **** *******************************************************************************/
 224:Generated_Source\PSoC5/ISR_DMA_1.c **** cyisraddress ISR_DMA_1_GetVector(void)
 225:Generated_Source\PSoC5/ISR_DMA_1.c **** {
 227              		.loc 1 225 0
 228              		.cfi_startproc
 229              		@ args = 0, pretend = 0, frame = 8
 230              		@ frame_needed = 1, uses_anonymous_args = 0
 231              		@ link register save eliminated.
ARM GAS  C:\Users\almsk\AppData\Local\Temp\ccYOEwuq.s 			page 9


 232 0000 80B4     		push	{r7}
 233              		.cfi_def_cfa_offset 4
 234              		.cfi_offset 7, -4
 235 0002 83B0     		sub	sp, sp, #12
 236              		.cfi_def_cfa_offset 16
 237 0004 00AF     		add	r7, sp, #0
 238              		.cfi_def_cfa_register 7
 226:Generated_Source\PSoC5/ISR_DMA_1.c ****     cyisraddress * ramVectorTable;
 227:Generated_Source\PSoC5/ISR_DMA_1.c **** 
 228:Generated_Source\PSoC5/ISR_DMA_1.c ****     ramVectorTable = (cyisraddress *) *CYINT_VECT_TABLE;
 239              		.loc 1 228 0
 240 0006 054B     		ldr	r3, .L16
 241 0008 1B68     		ldr	r3, [r3]
 242 000a 7B60     		str	r3, [r7, #4]
 229:Generated_Source\PSoC5/ISR_DMA_1.c **** 
 230:Generated_Source\PSoC5/ISR_DMA_1.c ****     return ramVectorTable[CYINT_IRQ_BASE + (uint32)ISR_DMA_1__INTC_NUMBER];
 243              		.loc 1 230 0
 244 000c 7B68     		ldr	r3, [r7, #4]
 245 000e 1B6C     		ldr	r3, [r3, #64]
 231:Generated_Source\PSoC5/ISR_DMA_1.c **** }
 246              		.loc 1 231 0
 247 0010 1846     		mov	r0, r3
 248 0012 0C37     		adds	r7, r7, #12
 249              		.cfi_def_cfa_offset 4
 250 0014 BD46     		mov	sp, r7
 251              		.cfi_def_cfa_register 13
 252              		@ sp needed
 253 0016 80BC     		pop	{r7}
 254              		.cfi_restore 7
 255              		.cfi_def_cfa_offset 0
 256 0018 7047     		bx	lr
 257              	.L17:
 258 001a 00BF     		.align	2
 259              	.L16:
 260 001c 08ED00E0 		.word	-536810232
 261              		.cfi_endproc
 262              	.LFE5:
 263              		.size	ISR_DMA_1_GetVector, .-ISR_DMA_1_GetVector
 264              		.section	.text.ISR_DMA_1_SetPriority,"ax",%progbits
 265              		.align	2
 266              		.global	ISR_DMA_1_SetPriority
 267              		.thumb
 268              		.thumb_func
 269              		.type	ISR_DMA_1_SetPriority, %function
 270              	ISR_DMA_1_SetPriority:
 271              	.LFB6:
 232:Generated_Source\PSoC5/ISR_DMA_1.c **** 
 233:Generated_Source\PSoC5/ISR_DMA_1.c **** 
 234:Generated_Source\PSoC5/ISR_DMA_1.c **** /*******************************************************************************
 235:Generated_Source\PSoC5/ISR_DMA_1.c **** * Function Name: ISR_DMA_1_SetPriority
 236:Generated_Source\PSoC5/ISR_DMA_1.c **** ********************************************************************************
 237:Generated_Source\PSoC5/ISR_DMA_1.c **** *
 238:Generated_Source\PSoC5/ISR_DMA_1.c **** * Summary:
 239:Generated_Source\PSoC5/ISR_DMA_1.c **** *   Sets the Priority of the Interrupt. 
 240:Generated_Source\PSoC5/ISR_DMA_1.c **** *
 241:Generated_Source\PSoC5/ISR_DMA_1.c **** *   Note calling ISR_DMA_1_Start or ISR_DMA_1_StartEx will 
 242:Generated_Source\PSoC5/ISR_DMA_1.c **** *   override any effect this API would have had. This API should only be called
ARM GAS  C:\Users\almsk\AppData\Local\Temp\ccYOEwuq.s 			page 10


 243:Generated_Source\PSoC5/ISR_DMA_1.c **** *   after ISR_DMA_1_Start or ISR_DMA_1_StartEx has been called. 
 244:Generated_Source\PSoC5/ISR_DMA_1.c **** *   To set the initial priority for the component, use the Design-Wide Resources
 245:Generated_Source\PSoC5/ISR_DMA_1.c **** *   Interrupt Editor.
 246:Generated_Source\PSoC5/ISR_DMA_1.c **** *
 247:Generated_Source\PSoC5/ISR_DMA_1.c **** *   Note This API has no effect on Non-maskable interrupt NMI).
 248:Generated_Source\PSoC5/ISR_DMA_1.c **** *
 249:Generated_Source\PSoC5/ISR_DMA_1.c **** * Parameters:
 250:Generated_Source\PSoC5/ISR_DMA_1.c **** *   priority: Priority of the interrupt, 0 being the highest priority
 251:Generated_Source\PSoC5/ISR_DMA_1.c **** *             PSoC 3 and PSoC 5LP: Priority is from 0 to 7.
 252:Generated_Source\PSoC5/ISR_DMA_1.c **** *             PSoC 4: Priority is from 0 to 3.
 253:Generated_Source\PSoC5/ISR_DMA_1.c **** *
 254:Generated_Source\PSoC5/ISR_DMA_1.c **** * Return:
 255:Generated_Source\PSoC5/ISR_DMA_1.c **** *   None
 256:Generated_Source\PSoC5/ISR_DMA_1.c **** *
 257:Generated_Source\PSoC5/ISR_DMA_1.c **** *******************************************************************************/
 258:Generated_Source\PSoC5/ISR_DMA_1.c **** void ISR_DMA_1_SetPriority(uint8 priority)
 259:Generated_Source\PSoC5/ISR_DMA_1.c **** {
 272              		.loc 1 259 0
 273              		.cfi_startproc
 274              		@ args = 0, pretend = 0, frame = 8
 275              		@ frame_needed = 1, uses_anonymous_args = 0
 276              		@ link register save eliminated.
 277 0000 80B4     		push	{r7}
 278              		.cfi_def_cfa_offset 4
 279              		.cfi_offset 7, -4
 280 0002 83B0     		sub	sp, sp, #12
 281              		.cfi_def_cfa_offset 16
 282 0004 00AF     		add	r7, sp, #0
 283              		.cfi_def_cfa_register 7
 284 0006 0346     		mov	r3, r0
 285 0008 FB71     		strb	r3, [r7, #7]
 260:Generated_Source\PSoC5/ISR_DMA_1.c ****     *ISR_DMA_1_INTC_PRIOR = priority << 5;
 286              		.loc 1 260 0
 287 000a 054A     		ldr	r2, .L19
 288 000c FB79     		ldrb	r3, [r7, #7]
 289 000e 5B01     		lsls	r3, r3, #5
 290 0010 DBB2     		uxtb	r3, r3
 291 0012 1370     		strb	r3, [r2]
 261:Generated_Source\PSoC5/ISR_DMA_1.c **** }
 292              		.loc 1 261 0
 293 0014 00BF     		nop
 294 0016 0C37     		adds	r7, r7, #12
 295              		.cfi_def_cfa_offset 4
 296 0018 BD46     		mov	sp, r7
 297              		.cfi_def_cfa_register 13
 298              		@ sp needed
 299 001a 80BC     		pop	{r7}
 300              		.cfi_restore 7
 301              		.cfi_def_cfa_offset 0
 302 001c 7047     		bx	lr
 303              	.L20:
 304 001e 00BF     		.align	2
 305              	.L19:
 306 0020 00E400E0 		.word	-536812544
 307              		.cfi_endproc
 308              	.LFE6:
 309              		.size	ISR_DMA_1_SetPriority, .-ISR_DMA_1_SetPriority
ARM GAS  C:\Users\almsk\AppData\Local\Temp\ccYOEwuq.s 			page 11


 310              		.section	.text.ISR_DMA_1_GetPriority,"ax",%progbits
 311              		.align	2
 312              		.global	ISR_DMA_1_GetPriority
 313              		.thumb
 314              		.thumb_func
 315              		.type	ISR_DMA_1_GetPriority, %function
 316              	ISR_DMA_1_GetPriority:
 317              	.LFB7:
 262:Generated_Source\PSoC5/ISR_DMA_1.c **** 
 263:Generated_Source\PSoC5/ISR_DMA_1.c **** 
 264:Generated_Source\PSoC5/ISR_DMA_1.c **** /*******************************************************************************
 265:Generated_Source\PSoC5/ISR_DMA_1.c **** * Function Name: ISR_DMA_1_GetPriority
 266:Generated_Source\PSoC5/ISR_DMA_1.c **** ********************************************************************************
 267:Generated_Source\PSoC5/ISR_DMA_1.c **** *
 268:Generated_Source\PSoC5/ISR_DMA_1.c **** * Summary:
 269:Generated_Source\PSoC5/ISR_DMA_1.c **** *   Gets the Priority of the Interrupt.
 270:Generated_Source\PSoC5/ISR_DMA_1.c **** *
 271:Generated_Source\PSoC5/ISR_DMA_1.c **** * Parameters:
 272:Generated_Source\PSoC5/ISR_DMA_1.c **** *   None
 273:Generated_Source\PSoC5/ISR_DMA_1.c **** *
 274:Generated_Source\PSoC5/ISR_DMA_1.c **** * Return:
 275:Generated_Source\PSoC5/ISR_DMA_1.c **** *   Priority of the interrupt, 0 being the highest priority
 276:Generated_Source\PSoC5/ISR_DMA_1.c **** *    PSoC 3 and PSoC 5LP: Priority is from 0 to 7.
 277:Generated_Source\PSoC5/ISR_DMA_1.c **** *    PSoC 4: Priority is from 0 to 3.
 278:Generated_Source\PSoC5/ISR_DMA_1.c **** *
 279:Generated_Source\PSoC5/ISR_DMA_1.c **** *******************************************************************************/
 280:Generated_Source\PSoC5/ISR_DMA_1.c **** uint8 ISR_DMA_1_GetPriority(void)
 281:Generated_Source\PSoC5/ISR_DMA_1.c **** {
 318              		.loc 1 281 0
 319              		.cfi_startproc
 320              		@ args = 0, pretend = 0, frame = 8
 321              		@ frame_needed = 1, uses_anonymous_args = 0
 322              		@ link register save eliminated.
 323 0000 80B4     		push	{r7}
 324              		.cfi_def_cfa_offset 4
 325              		.cfi_offset 7, -4
 326 0002 83B0     		sub	sp, sp, #12
 327              		.cfi_def_cfa_offset 16
 328 0004 00AF     		add	r7, sp, #0
 329              		.cfi_def_cfa_register 7
 282:Generated_Source\PSoC5/ISR_DMA_1.c ****     uint8 priority;
 283:Generated_Source\PSoC5/ISR_DMA_1.c **** 
 284:Generated_Source\PSoC5/ISR_DMA_1.c **** 
 285:Generated_Source\PSoC5/ISR_DMA_1.c ****     priority = *ISR_DMA_1_INTC_PRIOR >> 5;
 330              		.loc 1 285 0
 331 0006 054B     		ldr	r3, .L23
 332 0008 1B78     		ldrb	r3, [r3]
 333 000a DBB2     		uxtb	r3, r3
 334 000c 5B09     		lsrs	r3, r3, #5
 335 000e FB71     		strb	r3, [r7, #7]
 286:Generated_Source\PSoC5/ISR_DMA_1.c **** 
 287:Generated_Source\PSoC5/ISR_DMA_1.c ****     return priority;
 336              		.loc 1 287 0
 337 0010 FB79     		ldrb	r3, [r7, #7]	@ zero_extendqisi2
 288:Generated_Source\PSoC5/ISR_DMA_1.c **** }
 338              		.loc 1 288 0
 339 0012 1846     		mov	r0, r3
ARM GAS  C:\Users\almsk\AppData\Local\Temp\ccYOEwuq.s 			page 12


 340 0014 0C37     		adds	r7, r7, #12
 341              		.cfi_def_cfa_offset 4
 342 0016 BD46     		mov	sp, r7
 343              		.cfi_def_cfa_register 13
 344              		@ sp needed
 345 0018 80BC     		pop	{r7}
 346              		.cfi_restore 7
 347              		.cfi_def_cfa_offset 0
 348 001a 7047     		bx	lr
 349              	.L24:
 350              		.align	2
 351              	.L23:
 352 001c 00E400E0 		.word	-536812544
 353              		.cfi_endproc
 354              	.LFE7:
 355              		.size	ISR_DMA_1_GetPriority, .-ISR_DMA_1_GetPriority
 356              		.section	.text.ISR_DMA_1_Enable,"ax",%progbits
 357              		.align	2
 358              		.global	ISR_DMA_1_Enable
 359              		.thumb
 360              		.thumb_func
 361              		.type	ISR_DMA_1_Enable, %function
 362              	ISR_DMA_1_Enable:
 363              	.LFB8:
 289:Generated_Source\PSoC5/ISR_DMA_1.c **** 
 290:Generated_Source\PSoC5/ISR_DMA_1.c **** 
 291:Generated_Source\PSoC5/ISR_DMA_1.c **** /*******************************************************************************
 292:Generated_Source\PSoC5/ISR_DMA_1.c **** * Function Name: ISR_DMA_1_Enable
 293:Generated_Source\PSoC5/ISR_DMA_1.c **** ********************************************************************************
 294:Generated_Source\PSoC5/ISR_DMA_1.c **** *
 295:Generated_Source\PSoC5/ISR_DMA_1.c **** * Summary:
 296:Generated_Source\PSoC5/ISR_DMA_1.c **** *   Enables the interrupt to the interrupt controller. Do not call this function
 297:Generated_Source\PSoC5/ISR_DMA_1.c **** *   unless ISR_Start() has been called or the functionality of the ISR_Start() 
 298:Generated_Source\PSoC5/ISR_DMA_1.c **** *   function, which sets the vector and the priority, has been called.
 299:Generated_Source\PSoC5/ISR_DMA_1.c **** *
 300:Generated_Source\PSoC5/ISR_DMA_1.c **** * Parameters:
 301:Generated_Source\PSoC5/ISR_DMA_1.c **** *   None
 302:Generated_Source\PSoC5/ISR_DMA_1.c **** *
 303:Generated_Source\PSoC5/ISR_DMA_1.c **** * Return:
 304:Generated_Source\PSoC5/ISR_DMA_1.c **** *   None
 305:Generated_Source\PSoC5/ISR_DMA_1.c **** *
 306:Generated_Source\PSoC5/ISR_DMA_1.c **** *******************************************************************************/
 307:Generated_Source\PSoC5/ISR_DMA_1.c **** void ISR_DMA_1_Enable(void)
 308:Generated_Source\PSoC5/ISR_DMA_1.c **** {
 364              		.loc 1 308 0
 365              		.cfi_startproc
 366              		@ args = 0, pretend = 0, frame = 0
 367              		@ frame_needed = 1, uses_anonymous_args = 0
 368              		@ link register save eliminated.
 369 0000 80B4     		push	{r7}
 370              		.cfi_def_cfa_offset 4
 371              		.cfi_offset 7, -4
 372 0002 00AF     		add	r7, sp, #0
 373              		.cfi_def_cfa_register 7
 309:Generated_Source\PSoC5/ISR_DMA_1.c ****     /* Enable the general interrupt. */
 310:Generated_Source\PSoC5/ISR_DMA_1.c ****     *ISR_DMA_1_INTC_SET_EN = ISR_DMA_1__INTC_MASK;
 374              		.loc 1 310 0
ARM GAS  C:\Users\almsk\AppData\Local\Temp\ccYOEwuq.s 			page 13


 375 0004 034B     		ldr	r3, .L26
 376 0006 0122     		movs	r2, #1
 377 0008 1A60     		str	r2, [r3]
 311:Generated_Source\PSoC5/ISR_DMA_1.c **** }
 378              		.loc 1 311 0
 379 000a 00BF     		nop
 380 000c BD46     		mov	sp, r7
 381              		.cfi_def_cfa_register 13
 382              		@ sp needed
 383 000e 80BC     		pop	{r7}
 384              		.cfi_restore 7
 385              		.cfi_def_cfa_offset 0
 386 0010 7047     		bx	lr
 387              	.L27:
 388 0012 00BF     		.align	2
 389              	.L26:
 390 0014 00E100E0 		.word	-536813312
 391              		.cfi_endproc
 392              	.LFE8:
 393              		.size	ISR_DMA_1_Enable, .-ISR_DMA_1_Enable
 394              		.section	.text.ISR_DMA_1_GetState,"ax",%progbits
 395              		.align	2
 396              		.global	ISR_DMA_1_GetState
 397              		.thumb
 398              		.thumb_func
 399              		.type	ISR_DMA_1_GetState, %function
 400              	ISR_DMA_1_GetState:
 401              	.LFB9:
 312:Generated_Source\PSoC5/ISR_DMA_1.c **** 
 313:Generated_Source\PSoC5/ISR_DMA_1.c **** 
 314:Generated_Source\PSoC5/ISR_DMA_1.c **** /*******************************************************************************
 315:Generated_Source\PSoC5/ISR_DMA_1.c **** * Function Name: ISR_DMA_1_GetState
 316:Generated_Source\PSoC5/ISR_DMA_1.c **** ********************************************************************************
 317:Generated_Source\PSoC5/ISR_DMA_1.c **** *
 318:Generated_Source\PSoC5/ISR_DMA_1.c **** * Summary:
 319:Generated_Source\PSoC5/ISR_DMA_1.c **** *   Gets the state (enabled, disabled) of the Interrupt.
 320:Generated_Source\PSoC5/ISR_DMA_1.c **** *
 321:Generated_Source\PSoC5/ISR_DMA_1.c **** * Parameters:
 322:Generated_Source\PSoC5/ISR_DMA_1.c **** *   None
 323:Generated_Source\PSoC5/ISR_DMA_1.c **** *
 324:Generated_Source\PSoC5/ISR_DMA_1.c **** * Return:
 325:Generated_Source\PSoC5/ISR_DMA_1.c **** *   1 if enabled, 0 if disabled.
 326:Generated_Source\PSoC5/ISR_DMA_1.c **** *
 327:Generated_Source\PSoC5/ISR_DMA_1.c **** *******************************************************************************/
 328:Generated_Source\PSoC5/ISR_DMA_1.c **** uint8 ISR_DMA_1_GetState(void)
 329:Generated_Source\PSoC5/ISR_DMA_1.c **** {
 402              		.loc 1 329 0
 403              		.cfi_startproc
 404              		@ args = 0, pretend = 0, frame = 0
 405              		@ frame_needed = 1, uses_anonymous_args = 0
 406              		@ link register save eliminated.
 407 0000 80B4     		push	{r7}
 408              		.cfi_def_cfa_offset 4
 409              		.cfi_offset 7, -4
 410 0002 00AF     		add	r7, sp, #0
 411              		.cfi_def_cfa_register 7
 330:Generated_Source\PSoC5/ISR_DMA_1.c ****     /* Get the state of the general interrupt. */
ARM GAS  C:\Users\almsk\AppData\Local\Temp\ccYOEwuq.s 			page 14


 331:Generated_Source\PSoC5/ISR_DMA_1.c ****     return ((*ISR_DMA_1_INTC_SET_EN & (uint32)ISR_DMA_1__INTC_MASK) != 0u) ? 1u:0u;
 412              		.loc 1 331 0
 413 0004 044B     		ldr	r3, .L30
 414 0006 1B68     		ldr	r3, [r3]
 415 0008 DBB2     		uxtb	r3, r3
 416 000a 03F00103 		and	r3, r3, #1
 417 000e DBB2     		uxtb	r3, r3
 332:Generated_Source\PSoC5/ISR_DMA_1.c **** }
 418              		.loc 1 332 0
 419 0010 1846     		mov	r0, r3
 420 0012 BD46     		mov	sp, r7
 421              		.cfi_def_cfa_register 13
 422              		@ sp needed
 423 0014 80BC     		pop	{r7}
 424              		.cfi_restore 7
 425              		.cfi_def_cfa_offset 0
 426 0016 7047     		bx	lr
 427              	.L31:
 428              		.align	2
 429              	.L30:
 430 0018 00E100E0 		.word	-536813312
 431              		.cfi_endproc
 432              	.LFE9:
 433              		.size	ISR_DMA_1_GetState, .-ISR_DMA_1_GetState
 434              		.section	.text.ISR_DMA_1_Disable,"ax",%progbits
 435              		.align	2
 436              		.global	ISR_DMA_1_Disable
 437              		.thumb
 438              		.thumb_func
 439              		.type	ISR_DMA_1_Disable, %function
 440              	ISR_DMA_1_Disable:
 441              	.LFB10:
 333:Generated_Source\PSoC5/ISR_DMA_1.c **** 
 334:Generated_Source\PSoC5/ISR_DMA_1.c **** 
 335:Generated_Source\PSoC5/ISR_DMA_1.c **** /*******************************************************************************
 336:Generated_Source\PSoC5/ISR_DMA_1.c **** * Function Name: ISR_DMA_1_Disable
 337:Generated_Source\PSoC5/ISR_DMA_1.c **** ********************************************************************************
 338:Generated_Source\PSoC5/ISR_DMA_1.c **** *
 339:Generated_Source\PSoC5/ISR_DMA_1.c **** * Summary:
 340:Generated_Source\PSoC5/ISR_DMA_1.c **** *   Disables the Interrupt in the interrupt controller.
 341:Generated_Source\PSoC5/ISR_DMA_1.c **** *
 342:Generated_Source\PSoC5/ISR_DMA_1.c **** * Parameters:
 343:Generated_Source\PSoC5/ISR_DMA_1.c **** *   None
 344:Generated_Source\PSoC5/ISR_DMA_1.c **** *
 345:Generated_Source\PSoC5/ISR_DMA_1.c **** * Return:
 346:Generated_Source\PSoC5/ISR_DMA_1.c **** *   None
 347:Generated_Source\PSoC5/ISR_DMA_1.c **** *
 348:Generated_Source\PSoC5/ISR_DMA_1.c **** *******************************************************************************/
 349:Generated_Source\PSoC5/ISR_DMA_1.c **** void ISR_DMA_1_Disable(void)
 350:Generated_Source\PSoC5/ISR_DMA_1.c **** {
 442              		.loc 1 350 0
 443              		.cfi_startproc
 444              		@ args = 0, pretend = 0, frame = 0
 445              		@ frame_needed = 1, uses_anonymous_args = 0
 446              		@ link register save eliminated.
 447 0000 80B4     		push	{r7}
 448              		.cfi_def_cfa_offset 4
ARM GAS  C:\Users\almsk\AppData\Local\Temp\ccYOEwuq.s 			page 15


 449              		.cfi_offset 7, -4
 450 0002 00AF     		add	r7, sp, #0
 451              		.cfi_def_cfa_register 7
 351:Generated_Source\PSoC5/ISR_DMA_1.c ****     /* Disable the general interrupt. */
 352:Generated_Source\PSoC5/ISR_DMA_1.c ****     *ISR_DMA_1_INTC_CLR_EN = ISR_DMA_1__INTC_MASK;
 452              		.loc 1 352 0
 453 0004 034B     		ldr	r3, .L33
 454 0006 0122     		movs	r2, #1
 455 0008 1A60     		str	r2, [r3]
 353:Generated_Source\PSoC5/ISR_DMA_1.c **** }
 456              		.loc 1 353 0
 457 000a 00BF     		nop
 458 000c BD46     		mov	sp, r7
 459              		.cfi_def_cfa_register 13
 460              		@ sp needed
 461 000e 80BC     		pop	{r7}
 462              		.cfi_restore 7
 463              		.cfi_def_cfa_offset 0
 464 0010 7047     		bx	lr
 465              	.L34:
 466 0012 00BF     		.align	2
 467              	.L33:
 468 0014 80E100E0 		.word	-536813184
 469              		.cfi_endproc
 470              	.LFE10:
 471              		.size	ISR_DMA_1_Disable, .-ISR_DMA_1_Disable
 472              		.section	.text.ISR_DMA_1_SetPending,"ax",%progbits
 473              		.align	2
 474              		.global	ISR_DMA_1_SetPending
 475              		.thumb
 476              		.thumb_func
 477              		.type	ISR_DMA_1_SetPending, %function
 478              	ISR_DMA_1_SetPending:
 479              	.LFB11:
 354:Generated_Source\PSoC5/ISR_DMA_1.c **** 
 355:Generated_Source\PSoC5/ISR_DMA_1.c **** 
 356:Generated_Source\PSoC5/ISR_DMA_1.c **** /*******************************************************************************
 357:Generated_Source\PSoC5/ISR_DMA_1.c **** * Function Name: ISR_DMA_1_SetPending
 358:Generated_Source\PSoC5/ISR_DMA_1.c **** ********************************************************************************
 359:Generated_Source\PSoC5/ISR_DMA_1.c **** *
 360:Generated_Source\PSoC5/ISR_DMA_1.c **** * Summary:
 361:Generated_Source\PSoC5/ISR_DMA_1.c **** *   Causes the Interrupt to enter the pending state, a software method of
 362:Generated_Source\PSoC5/ISR_DMA_1.c **** *   generating the interrupt.
 363:Generated_Source\PSoC5/ISR_DMA_1.c **** *
 364:Generated_Source\PSoC5/ISR_DMA_1.c **** * Parameters:
 365:Generated_Source\PSoC5/ISR_DMA_1.c **** *   None
 366:Generated_Source\PSoC5/ISR_DMA_1.c **** *
 367:Generated_Source\PSoC5/ISR_DMA_1.c **** * Return:
 368:Generated_Source\PSoC5/ISR_DMA_1.c **** *   None
 369:Generated_Source\PSoC5/ISR_DMA_1.c **** *
 370:Generated_Source\PSoC5/ISR_DMA_1.c **** * Side Effects:
 371:Generated_Source\PSoC5/ISR_DMA_1.c **** *   If interrupts are enabled and the interrupt is set up properly, the ISR is
 372:Generated_Source\PSoC5/ISR_DMA_1.c **** *   entered (depending on the priority of this interrupt and other pending 
 373:Generated_Source\PSoC5/ISR_DMA_1.c **** *   interrupts).
 374:Generated_Source\PSoC5/ISR_DMA_1.c **** *
 375:Generated_Source\PSoC5/ISR_DMA_1.c **** *******************************************************************************/
 376:Generated_Source\PSoC5/ISR_DMA_1.c **** void ISR_DMA_1_SetPending(void)
ARM GAS  C:\Users\almsk\AppData\Local\Temp\ccYOEwuq.s 			page 16


 377:Generated_Source\PSoC5/ISR_DMA_1.c **** {
 480              		.loc 1 377 0
 481              		.cfi_startproc
 482              		@ args = 0, pretend = 0, frame = 0
 483              		@ frame_needed = 1, uses_anonymous_args = 0
 484              		@ link register save eliminated.
 485 0000 80B4     		push	{r7}
 486              		.cfi_def_cfa_offset 4
 487              		.cfi_offset 7, -4
 488 0002 00AF     		add	r7, sp, #0
 489              		.cfi_def_cfa_register 7
 378:Generated_Source\PSoC5/ISR_DMA_1.c ****     *ISR_DMA_1_INTC_SET_PD = ISR_DMA_1__INTC_MASK;
 490              		.loc 1 378 0
 491 0004 034B     		ldr	r3, .L36
 492 0006 0122     		movs	r2, #1
 493 0008 1A60     		str	r2, [r3]
 379:Generated_Source\PSoC5/ISR_DMA_1.c **** }
 494              		.loc 1 379 0
 495 000a 00BF     		nop
 496 000c BD46     		mov	sp, r7
 497              		.cfi_def_cfa_register 13
 498              		@ sp needed
 499 000e 80BC     		pop	{r7}
 500              		.cfi_restore 7
 501              		.cfi_def_cfa_offset 0
 502 0010 7047     		bx	lr
 503              	.L37:
 504 0012 00BF     		.align	2
 505              	.L36:
 506 0014 00E200E0 		.word	-536813056
 507              		.cfi_endproc
 508              	.LFE11:
 509              		.size	ISR_DMA_1_SetPending, .-ISR_DMA_1_SetPending
 510              		.section	.text.ISR_DMA_1_ClearPending,"ax",%progbits
 511              		.align	2
 512              		.global	ISR_DMA_1_ClearPending
 513              		.thumb
 514              		.thumb_func
 515              		.type	ISR_DMA_1_ClearPending, %function
 516              	ISR_DMA_1_ClearPending:
 517              	.LFB12:
 380:Generated_Source\PSoC5/ISR_DMA_1.c **** 
 381:Generated_Source\PSoC5/ISR_DMA_1.c **** 
 382:Generated_Source\PSoC5/ISR_DMA_1.c **** /*******************************************************************************
 383:Generated_Source\PSoC5/ISR_DMA_1.c **** * Function Name: ISR_DMA_1_ClearPending
 384:Generated_Source\PSoC5/ISR_DMA_1.c **** ********************************************************************************
 385:Generated_Source\PSoC5/ISR_DMA_1.c **** *
 386:Generated_Source\PSoC5/ISR_DMA_1.c **** * Summary:
 387:Generated_Source\PSoC5/ISR_DMA_1.c **** *   Clears a pending interrupt in the interrupt controller.
 388:Generated_Source\PSoC5/ISR_DMA_1.c **** *
 389:Generated_Source\PSoC5/ISR_DMA_1.c **** *   Note Some interrupt sources are clear-on-read and require the block 
 390:Generated_Source\PSoC5/ISR_DMA_1.c **** *   interrupt/status register to be read/cleared with the appropriate block API 
 391:Generated_Source\PSoC5/ISR_DMA_1.c **** *   (GPIO, UART, and so on). Otherwise the ISR will continue to remain in 
 392:Generated_Source\PSoC5/ISR_DMA_1.c **** *   pending state even though the interrupt itself is cleared using this API.
 393:Generated_Source\PSoC5/ISR_DMA_1.c **** *
 394:Generated_Source\PSoC5/ISR_DMA_1.c **** * Parameters:
 395:Generated_Source\PSoC5/ISR_DMA_1.c **** *   None
ARM GAS  C:\Users\almsk\AppData\Local\Temp\ccYOEwuq.s 			page 17


 396:Generated_Source\PSoC5/ISR_DMA_1.c **** *
 397:Generated_Source\PSoC5/ISR_DMA_1.c **** * Return:
 398:Generated_Source\PSoC5/ISR_DMA_1.c **** *   None
 399:Generated_Source\PSoC5/ISR_DMA_1.c **** *
 400:Generated_Source\PSoC5/ISR_DMA_1.c **** *******************************************************************************/
 401:Generated_Source\PSoC5/ISR_DMA_1.c **** void ISR_DMA_1_ClearPending(void)
 402:Generated_Source\PSoC5/ISR_DMA_1.c **** {
 518              		.loc 1 402 0
 519              		.cfi_startproc
 520              		@ args = 0, pretend = 0, frame = 0
 521              		@ frame_needed = 1, uses_anonymous_args = 0
 522              		@ link register save eliminated.
 523 0000 80B4     		push	{r7}
 524              		.cfi_def_cfa_offset 4
 525              		.cfi_offset 7, -4
 526 0002 00AF     		add	r7, sp, #0
 527              		.cfi_def_cfa_register 7
 403:Generated_Source\PSoC5/ISR_DMA_1.c ****     *ISR_DMA_1_INTC_CLR_PD = ISR_DMA_1__INTC_MASK;
 528              		.loc 1 403 0
 529 0004 034B     		ldr	r3, .L39
 530 0006 0122     		movs	r2, #1
 531 0008 1A60     		str	r2, [r3]
 404:Generated_Source\PSoC5/ISR_DMA_1.c **** }
 532              		.loc 1 404 0
 533 000a 00BF     		nop
 534 000c BD46     		mov	sp, r7
 535              		.cfi_def_cfa_register 13
 536              		@ sp needed
 537 000e 80BC     		pop	{r7}
 538              		.cfi_restore 7
 539              		.cfi_def_cfa_offset 0
 540 0010 7047     		bx	lr
 541              	.L40:
 542 0012 00BF     		.align	2
 543              	.L39:
 544 0014 80E200E0 		.word	-536812928
 545              		.cfi_endproc
 546              	.LFE12:
 547              		.size	ISR_DMA_1_ClearPending, .-ISR_DMA_1_ClearPending
 548              		.text
 549              	.Letext0:
 550              		.file 2 "Generated_Source\\PSoC5/cytypes.h"
 551              		.section	.debug_info,"",%progbits
 552              	.Ldebug_info0:
 553 0000 48020000 		.4byte	0x248
 554 0004 0400     		.2byte	0x4
 555 0006 00000000 		.4byte	.Ldebug_abbrev0
 556 000a 04       		.byte	0x4
 557 000b 01       		.uleb128 0x1
 558 000c 06000000 		.4byte	.LASF34
 559 0010 0C       		.byte	0xc
 560 0011 EA010000 		.4byte	.LASF35
 561 0015 39010000 		.4byte	.LASF36
 562 0019 00000000 		.4byte	.Ldebug_ranges0+0
 563 001d 00000000 		.4byte	0
 564 0021 00000000 		.4byte	.Ldebug_line0
 565 0025 02       		.uleb128 0x2
ARM GAS  C:\Users\almsk\AppData\Local\Temp\ccYOEwuq.s 			page 18


 566 0026 04       		.byte	0x4
 567 0027 05       		.byte	0x5
 568 0028 696E7400 		.ascii	"int\000"
 569 002c 03       		.uleb128 0x3
 570 002d 04       		.byte	0x4
 571 002e 07       		.byte	0x7
 572 002f 14020000 		.4byte	.LASF0
 573 0033 03       		.uleb128 0x3
 574 0034 08       		.byte	0x8
 575 0035 05       		.byte	0x5
 576 0036 89020000 		.4byte	.LASF1
 577 003a 03       		.uleb128 0x3
 578 003b 08       		.byte	0x8
 579 003c 04       		.byte	0x4
 580 003d DF020000 		.4byte	.LASF2
 581 0041 03       		.uleb128 0x3
 582 0042 01       		.byte	0x1
 583 0043 06       		.byte	0x6
 584 0044 EB020000 		.4byte	.LASF3
 585 0048 03       		.uleb128 0x3
 586 0049 01       		.byte	0x1
 587 004a 08       		.byte	0x8
 588 004b 0E010000 		.4byte	.LASF4
 589 004f 03       		.uleb128 0x3
 590 0050 02       		.byte	0x2
 591 0051 05       		.byte	0x5
 592 0052 AB020000 		.4byte	.LASF5
 593 0056 03       		.uleb128 0x3
 594 0057 02       		.byte	0x2
 595 0058 07       		.byte	0x7
 596 0059 CF000000 		.4byte	.LASF6
 597 005d 03       		.uleb128 0x3
 598 005e 04       		.byte	0x4
 599 005f 05       		.byte	0x5
 600 0060 D6020000 		.4byte	.LASF7
 601 0064 03       		.uleb128 0x3
 602 0065 04       		.byte	0x4
 603 0066 07       		.byte	0x7
 604 0067 21010000 		.4byte	.LASF8
 605 006b 03       		.uleb128 0x3
 606 006c 08       		.byte	0x8
 607 006d 07       		.byte	0x7
 608 006e 3D020000 		.4byte	.LASF9
 609 0072 03       		.uleb128 0x3
 610 0073 04       		.byte	0x4
 611 0074 07       		.byte	0x7
 612 0075 80020000 		.4byte	.LASF10
 613 0079 03       		.uleb128 0x3
 614 007a 01       		.byte	0x1
 615 007b 08       		.byte	0x8
 616 007c 97020000 		.4byte	.LASF11
 617 0080 04       		.uleb128 0x4
 618 0081 04       		.byte	0x4
 619 0082 86000000 		.4byte	0x86
 620 0086 05       		.uleb128 0x5
 621 0087 06       		.uleb128 0x6
 622 0088 33010000 		.4byte	.LASF12
ARM GAS  C:\Users\almsk\AppData\Local\Temp\ccYOEwuq.s 			page 19


 623 008c 02       		.byte	0x2
 624 008d E401     		.2byte	0x1e4
 625 008f 48000000 		.4byte	0x48
 626 0093 06       		.uleb128 0x6
 627 0094 0D020000 		.4byte	.LASF13
 628 0098 02       		.byte	0x2
 629 0099 E601     		.2byte	0x1e6
 630 009b 64000000 		.4byte	0x64
 631 009f 03       		.uleb128 0x3
 632 00a0 04       		.byte	0x4
 633 00a1 04       		.byte	0x4
 634 00a2 F3000000 		.4byte	.LASF14
 635 00a6 03       		.uleb128 0x3
 636 00a7 08       		.byte	0x8
 637 00a8 04       		.byte	0x4
 638 00a9 CD010000 		.4byte	.LASF15
 639 00ad 06       		.uleb128 0x6
 640 00ae 1C010000 		.4byte	.LASF16
 641 00b2 02       		.byte	0x2
 642 00b3 8E02     		.2byte	0x28e
 643 00b5 B9000000 		.4byte	0xb9
 644 00b9 07       		.uleb128 0x7
 645 00ba 87000000 		.4byte	0x87
 646 00be 06       		.uleb128 0x6
 647 00bf 00000000 		.4byte	.LASF17
 648 00c3 02       		.byte	0x2
 649 00c4 9002     		.2byte	0x290
 650 00c6 CA000000 		.4byte	0xca
 651 00ca 07       		.uleb128 0x7
 652 00cb 93000000 		.4byte	0x93
 653 00cf 06       		.uleb128 0x6
 654 00d0 64020000 		.4byte	.LASF18
 655 00d4 02       		.byte	0x2
 656 00d5 A002     		.2byte	0x2a0
 657 00d7 80000000 		.4byte	0x80
 658 00db 08       		.uleb128 0x8
 659 00dc 54020000 		.4byte	.LASF19
 660 00e0 01       		.byte	0x1
 661 00e1 3D       		.byte	0x3d
 662 00e2 00000000 		.4byte	.LFB0
 663 00e6 20000000 		.4byte	.LFE0-.LFB0
 664 00ea 01       		.uleb128 0x1
 665 00eb 9C       		.byte	0x9c
 666 00ec 09       		.uleb128 0x9
 667 00ed BD000000 		.4byte	.LASF22
 668 00f1 01       		.byte	0x1
 669 00f2 68       		.byte	0x68
 670 00f3 00000000 		.4byte	.LFB1
 671 00f7 24000000 		.4byte	.LFE1-.LFB1
 672 00fb 01       		.uleb128 0x1
 673 00fc 9C       		.byte	0x9c
 674 00fd 10010000 		.4byte	0x110
 675 0101 0A       		.uleb128 0xa
 676 0102 35020000 		.4byte	.LASF24
 677 0106 01       		.byte	0x1
 678 0107 68       		.byte	0x68
 679 0108 CF000000 		.4byte	0xcf
ARM GAS  C:\Users\almsk\AppData\Local\Temp\ccYOEwuq.s 			page 20


 680 010c 02       		.uleb128 0x2
 681 010d 91       		.byte	0x91
 682 010e 74       		.sleb128 -12
 683 010f 00       		.byte	0
 684 0110 08       		.uleb128 0x8
 685 0111 B5020000 		.4byte	.LASF20
 686 0115 01       		.byte	0x1
 687 0116 86       		.byte	0x86
 688 0117 00000000 		.4byte	.LFB2
 689 011b 18000000 		.4byte	.LFE2-.LFB2
 690 011f 01       		.uleb128 0x1
 691 0120 9C       		.byte	0x9c
 692 0121 0B       		.uleb128 0xb
 693 0122 0B030000 		.4byte	.LASF21
 694 0126 01       		.byte	0x1
 695 0127 A0       		.byte	0xa0
 696 0128 00000000 		.4byte	.LFB3
 697 012c 18000000 		.4byte	.LFE3-.LFB3
 698 0130 01       		.uleb128 0x1
 699 0131 9C       		.byte	0x9c
 700 0132 0C       		.uleb128 0xc
 701 0133 21020000 		.4byte	.LASF23
 702 0137 01       		.byte	0x1
 703 0138 C8       		.byte	0xc8
 704 0139 00000000 		.4byte	.LFB4
 705 013d 24000000 		.4byte	.LFE4-.LFB4
 706 0141 01       		.uleb128 0x1
 707 0142 9C       		.byte	0x9c
 708 0143 64010000 		.4byte	0x164
 709 0147 0A       		.uleb128 0xa
 710 0148 35020000 		.4byte	.LASF24
 711 014c 01       		.byte	0x1
 712 014d C8       		.byte	0xc8
 713 014e CF000000 		.4byte	0xcf
 714 0152 02       		.uleb128 0x2
 715 0153 91       		.byte	0x91
 716 0154 6C       		.sleb128 -20
 717 0155 0D       		.uleb128 0xd
 718 0156 9C020000 		.4byte	.LASF25
 719 015a 01       		.byte	0x1
 720 015b CA       		.byte	0xca
 721 015c 64010000 		.4byte	0x164
 722 0160 02       		.uleb128 0x2
 723 0161 91       		.byte	0x91
 724 0162 74       		.sleb128 -12
 725 0163 00       		.byte	0
 726 0164 04       		.uleb128 0x4
 727 0165 04       		.byte	0x4
 728 0166 CF000000 		.4byte	0xcf
 729 016a 0E       		.uleb128 0xe
 730 016b F7020000 		.4byte	.LASF28
 731 016f 01       		.byte	0x1
 732 0170 E0       		.byte	0xe0
 733 0171 CF000000 		.4byte	0xcf
 734 0175 00000000 		.4byte	.LFB5
 735 0179 20000000 		.4byte	.LFE5-.LFB5
 736 017d 01       		.uleb128 0x1
ARM GAS  C:\Users\almsk\AppData\Local\Temp\ccYOEwuq.s 			page 21


 737 017e 9C       		.byte	0x9c
 738 017f 92010000 		.4byte	0x192
 739 0183 0D       		.uleb128 0xd
 740 0184 9C020000 		.4byte	.LASF25
 741 0188 01       		.byte	0x1
 742 0189 E2       		.byte	0xe2
 743 018a 64010000 		.4byte	0x164
 744 018e 02       		.uleb128 0x2
 745 018f 91       		.byte	0x91
 746 0190 74       		.sleb128 -12
 747 0191 00       		.byte	0
 748 0192 0F       		.uleb128 0xf
 749 0193 D4010000 		.4byte	.LASF26
 750 0197 01       		.byte	0x1
 751 0198 0201     		.2byte	0x102
 752 019a 00000000 		.4byte	.LFB6
 753 019e 24000000 		.4byte	.LFE6-.LFB6
 754 01a2 01       		.uleb128 0x1
 755 01a3 9C       		.byte	0x9c
 756 01a4 B8010000 		.4byte	0x1b8
 757 01a8 10       		.uleb128 0x10
 758 01a9 AD010000 		.4byte	.LASF27
 759 01ad 01       		.byte	0x1
 760 01ae 0201     		.2byte	0x102
 761 01b0 87000000 		.4byte	0x87
 762 01b4 02       		.uleb128 0x2
 763 01b5 91       		.byte	0x91
 764 01b6 77       		.sleb128 -9
 765 01b7 00       		.byte	0
 766 01b8 11       		.uleb128 0x11
 767 01b9 94000000 		.4byte	.LASF29
 768 01bd 01       		.byte	0x1
 769 01be 1801     		.2byte	0x118
 770 01c0 87000000 		.4byte	0x87
 771 01c4 00000000 		.4byte	.LFB7
 772 01c8 20000000 		.4byte	.LFE7-.LFB7
 773 01cc 01       		.uleb128 0x1
 774 01cd 9C       		.byte	0x9c
 775 01ce E2010000 		.4byte	0x1e2
 776 01d2 12       		.uleb128 0x12
 777 01d3 AD010000 		.4byte	.LASF27
 778 01d7 01       		.byte	0x1
 779 01d8 1A01     		.2byte	0x11a
 780 01da 87000000 		.4byte	0x87
 781 01de 02       		.uleb128 0x2
 782 01df 91       		.byte	0x91
 783 01e0 77       		.sleb128 -9
 784 01e1 00       		.byte	0
 785 01e2 13       		.uleb128 0x13
 786 01e3 E2000000 		.4byte	.LASF30
 787 01e7 01       		.byte	0x1
 788 01e8 3301     		.2byte	0x133
 789 01ea 00000000 		.4byte	.LFB8
 790 01ee 18000000 		.4byte	.LFE8-.LFB8
 791 01f2 01       		.uleb128 0x1
 792 01f3 9C       		.byte	0x9c
 793 01f4 14       		.uleb128 0x14
ARM GAS  C:\Users\almsk\AppData\Local\Temp\ccYOEwuq.s 			page 22


 794 01f5 AA000000 		.4byte	.LASF37
 795 01f9 01       		.byte	0x1
 796 01fa 4801     		.2byte	0x148
 797 01fc 87000000 		.4byte	0x87
 798 0200 00000000 		.4byte	.LFB9
 799 0204 1C000000 		.4byte	.LFE9-.LFB9
 800 0208 01       		.uleb128 0x1
 801 0209 9C       		.byte	0x9c
 802 020a 13       		.uleb128 0x13
 803 020b C4020000 		.4byte	.LASF31
 804 020f 01       		.byte	0x1
 805 0210 5D01     		.2byte	0x15d
 806 0212 00000000 		.4byte	.LFB10
 807 0216 18000000 		.4byte	.LFE10-.LFB10
 808 021a 01       		.uleb128 0x1
 809 021b 9C       		.byte	0x9c
 810 021c 13       		.uleb128 0x13
 811 021d F9000000 		.4byte	.LASF32
 812 0221 01       		.byte	0x1
 813 0222 7801     		.2byte	0x178
 814 0224 00000000 		.4byte	.LFB11
 815 0228 18000000 		.4byte	.LFE11-.LFB11
 816 022c 01       		.uleb128 0x1
 817 022d 9C       		.byte	0x9c
 818 022e 13       		.uleb128 0x13
 819 022f B6010000 		.4byte	.LASF33
 820 0233 01       		.byte	0x1
 821 0234 9101     		.2byte	0x191
 822 0236 00000000 		.4byte	.LFB12
 823 023a 18000000 		.4byte	.LFE12-.LFB12
 824 023e 01       		.uleb128 0x1
 825 023f 9C       		.byte	0x9c
 826 0240 15       		.uleb128 0x15
 827 0241 71020000 		.4byte	.LASF38
 828 0245 01       		.byte	0x1
 829 0246 1E       		.byte	0x1e
 830 0247 B9000000 		.4byte	0xb9
 831 024b 00       		.byte	0
 832              		.section	.debug_abbrev,"",%progbits
 833              	.Ldebug_abbrev0:
 834 0000 01       		.uleb128 0x1
 835 0001 11       		.uleb128 0x11
 836 0002 01       		.byte	0x1
 837 0003 25       		.uleb128 0x25
 838 0004 0E       		.uleb128 0xe
 839 0005 13       		.uleb128 0x13
 840 0006 0B       		.uleb128 0xb
 841 0007 03       		.uleb128 0x3
 842 0008 0E       		.uleb128 0xe
 843 0009 1B       		.uleb128 0x1b
 844 000a 0E       		.uleb128 0xe
 845 000b 55       		.uleb128 0x55
 846 000c 17       		.uleb128 0x17
 847 000d 11       		.uleb128 0x11
 848 000e 01       		.uleb128 0x1
 849 000f 10       		.uleb128 0x10
 850 0010 17       		.uleb128 0x17
ARM GAS  C:\Users\almsk\AppData\Local\Temp\ccYOEwuq.s 			page 23


 851 0011 00       		.byte	0
 852 0012 00       		.byte	0
 853 0013 02       		.uleb128 0x2
 854 0014 24       		.uleb128 0x24
 855 0015 00       		.byte	0
 856 0016 0B       		.uleb128 0xb
 857 0017 0B       		.uleb128 0xb
 858 0018 3E       		.uleb128 0x3e
 859 0019 0B       		.uleb128 0xb
 860 001a 03       		.uleb128 0x3
 861 001b 08       		.uleb128 0x8
 862 001c 00       		.byte	0
 863 001d 00       		.byte	0
 864 001e 03       		.uleb128 0x3
 865 001f 24       		.uleb128 0x24
 866 0020 00       		.byte	0
 867 0021 0B       		.uleb128 0xb
 868 0022 0B       		.uleb128 0xb
 869 0023 3E       		.uleb128 0x3e
 870 0024 0B       		.uleb128 0xb
 871 0025 03       		.uleb128 0x3
 872 0026 0E       		.uleb128 0xe
 873 0027 00       		.byte	0
 874 0028 00       		.byte	0
 875 0029 04       		.uleb128 0x4
 876 002a 0F       		.uleb128 0xf
 877 002b 00       		.byte	0
 878 002c 0B       		.uleb128 0xb
 879 002d 0B       		.uleb128 0xb
 880 002e 49       		.uleb128 0x49
 881 002f 13       		.uleb128 0x13
 882 0030 00       		.byte	0
 883 0031 00       		.byte	0
 884 0032 05       		.uleb128 0x5
 885 0033 15       		.uleb128 0x15
 886 0034 00       		.byte	0
 887 0035 27       		.uleb128 0x27
 888 0036 19       		.uleb128 0x19
 889 0037 00       		.byte	0
 890 0038 00       		.byte	0
 891 0039 06       		.uleb128 0x6
 892 003a 16       		.uleb128 0x16
 893 003b 00       		.byte	0
 894 003c 03       		.uleb128 0x3
 895 003d 0E       		.uleb128 0xe
 896 003e 3A       		.uleb128 0x3a
 897 003f 0B       		.uleb128 0xb
 898 0040 3B       		.uleb128 0x3b
 899 0041 05       		.uleb128 0x5
 900 0042 49       		.uleb128 0x49
 901 0043 13       		.uleb128 0x13
 902 0044 00       		.byte	0
 903 0045 00       		.byte	0
 904 0046 07       		.uleb128 0x7
 905 0047 35       		.uleb128 0x35
 906 0048 00       		.byte	0
 907 0049 49       		.uleb128 0x49
ARM GAS  C:\Users\almsk\AppData\Local\Temp\ccYOEwuq.s 			page 24


 908 004a 13       		.uleb128 0x13
 909 004b 00       		.byte	0
 910 004c 00       		.byte	0
 911 004d 08       		.uleb128 0x8
 912 004e 2E       		.uleb128 0x2e
 913 004f 00       		.byte	0
 914 0050 3F       		.uleb128 0x3f
 915 0051 19       		.uleb128 0x19
 916 0052 03       		.uleb128 0x3
 917 0053 0E       		.uleb128 0xe
 918 0054 3A       		.uleb128 0x3a
 919 0055 0B       		.uleb128 0xb
 920 0056 3B       		.uleb128 0x3b
 921 0057 0B       		.uleb128 0xb
 922 0058 27       		.uleb128 0x27
 923 0059 19       		.uleb128 0x19
 924 005a 11       		.uleb128 0x11
 925 005b 01       		.uleb128 0x1
 926 005c 12       		.uleb128 0x12
 927 005d 06       		.uleb128 0x6
 928 005e 40       		.uleb128 0x40
 929 005f 18       		.uleb128 0x18
 930 0060 9642     		.uleb128 0x2116
 931 0062 19       		.uleb128 0x19
 932 0063 00       		.byte	0
 933 0064 00       		.byte	0
 934 0065 09       		.uleb128 0x9
 935 0066 2E       		.uleb128 0x2e
 936 0067 01       		.byte	0x1
 937 0068 3F       		.uleb128 0x3f
 938 0069 19       		.uleb128 0x19
 939 006a 03       		.uleb128 0x3
 940 006b 0E       		.uleb128 0xe
 941 006c 3A       		.uleb128 0x3a
 942 006d 0B       		.uleb128 0xb
 943 006e 3B       		.uleb128 0x3b
 944 006f 0B       		.uleb128 0xb
 945 0070 27       		.uleb128 0x27
 946 0071 19       		.uleb128 0x19
 947 0072 11       		.uleb128 0x11
 948 0073 01       		.uleb128 0x1
 949 0074 12       		.uleb128 0x12
 950 0075 06       		.uleb128 0x6
 951 0076 40       		.uleb128 0x40
 952 0077 18       		.uleb128 0x18
 953 0078 9642     		.uleb128 0x2116
 954 007a 19       		.uleb128 0x19
 955 007b 01       		.uleb128 0x1
 956 007c 13       		.uleb128 0x13
 957 007d 00       		.byte	0
 958 007e 00       		.byte	0
 959 007f 0A       		.uleb128 0xa
 960 0080 05       		.uleb128 0x5
 961 0081 00       		.byte	0
 962 0082 03       		.uleb128 0x3
 963 0083 0E       		.uleb128 0xe
 964 0084 3A       		.uleb128 0x3a
ARM GAS  C:\Users\almsk\AppData\Local\Temp\ccYOEwuq.s 			page 25


 965 0085 0B       		.uleb128 0xb
 966 0086 3B       		.uleb128 0x3b
 967 0087 0B       		.uleb128 0xb
 968 0088 49       		.uleb128 0x49
 969 0089 13       		.uleb128 0x13
 970 008a 02       		.uleb128 0x2
 971 008b 18       		.uleb128 0x18
 972 008c 00       		.byte	0
 973 008d 00       		.byte	0
 974 008e 0B       		.uleb128 0xb
 975 008f 2E       		.uleb128 0x2e
 976 0090 00       		.byte	0
 977 0091 3F       		.uleb128 0x3f
 978 0092 19       		.uleb128 0x19
 979 0093 03       		.uleb128 0x3
 980 0094 0E       		.uleb128 0xe
 981 0095 3A       		.uleb128 0x3a
 982 0096 0B       		.uleb128 0xb
 983 0097 3B       		.uleb128 0x3b
 984 0098 0B       		.uleb128 0xb
 985 0099 27       		.uleb128 0x27
 986 009a 19       		.uleb128 0x19
 987 009b 11       		.uleb128 0x11
 988 009c 01       		.uleb128 0x1
 989 009d 12       		.uleb128 0x12
 990 009e 06       		.uleb128 0x6
 991 009f 40       		.uleb128 0x40
 992 00a0 18       		.uleb128 0x18
 993 00a1 9742     		.uleb128 0x2117
 994 00a3 19       		.uleb128 0x19
 995 00a4 00       		.byte	0
 996 00a5 00       		.byte	0
 997 00a6 0C       		.uleb128 0xc
 998 00a7 2E       		.uleb128 0x2e
 999 00a8 01       		.byte	0x1
 1000 00a9 3F       		.uleb128 0x3f
 1001 00aa 19       		.uleb128 0x19
 1002 00ab 03       		.uleb128 0x3
 1003 00ac 0E       		.uleb128 0xe
 1004 00ad 3A       		.uleb128 0x3a
 1005 00ae 0B       		.uleb128 0xb
 1006 00af 3B       		.uleb128 0x3b
 1007 00b0 0B       		.uleb128 0xb
 1008 00b1 27       		.uleb128 0x27
 1009 00b2 19       		.uleb128 0x19
 1010 00b3 11       		.uleb128 0x11
 1011 00b4 01       		.uleb128 0x1
 1012 00b5 12       		.uleb128 0x12
 1013 00b6 06       		.uleb128 0x6
 1014 00b7 40       		.uleb128 0x40
 1015 00b8 18       		.uleb128 0x18
 1016 00b9 9742     		.uleb128 0x2117
 1017 00bb 19       		.uleb128 0x19
 1018 00bc 01       		.uleb128 0x1
 1019 00bd 13       		.uleb128 0x13
 1020 00be 00       		.byte	0
 1021 00bf 00       		.byte	0
ARM GAS  C:\Users\almsk\AppData\Local\Temp\ccYOEwuq.s 			page 26


 1022 00c0 0D       		.uleb128 0xd
 1023 00c1 34       		.uleb128 0x34
 1024 00c2 00       		.byte	0
 1025 00c3 03       		.uleb128 0x3
 1026 00c4 0E       		.uleb128 0xe
 1027 00c5 3A       		.uleb128 0x3a
 1028 00c6 0B       		.uleb128 0xb
 1029 00c7 3B       		.uleb128 0x3b
 1030 00c8 0B       		.uleb128 0xb
 1031 00c9 49       		.uleb128 0x49
 1032 00ca 13       		.uleb128 0x13
 1033 00cb 02       		.uleb128 0x2
 1034 00cc 18       		.uleb128 0x18
 1035 00cd 00       		.byte	0
 1036 00ce 00       		.byte	0
 1037 00cf 0E       		.uleb128 0xe
 1038 00d0 2E       		.uleb128 0x2e
 1039 00d1 01       		.byte	0x1
 1040 00d2 3F       		.uleb128 0x3f
 1041 00d3 19       		.uleb128 0x19
 1042 00d4 03       		.uleb128 0x3
 1043 00d5 0E       		.uleb128 0xe
 1044 00d6 3A       		.uleb128 0x3a
 1045 00d7 0B       		.uleb128 0xb
 1046 00d8 3B       		.uleb128 0x3b
 1047 00d9 0B       		.uleb128 0xb
 1048 00da 27       		.uleb128 0x27
 1049 00db 19       		.uleb128 0x19
 1050 00dc 49       		.uleb128 0x49
 1051 00dd 13       		.uleb128 0x13
 1052 00de 11       		.uleb128 0x11
 1053 00df 01       		.uleb128 0x1
 1054 00e0 12       		.uleb128 0x12
 1055 00e1 06       		.uleb128 0x6
 1056 00e2 40       		.uleb128 0x40
 1057 00e3 18       		.uleb128 0x18
 1058 00e4 9742     		.uleb128 0x2117
 1059 00e6 19       		.uleb128 0x19
 1060 00e7 01       		.uleb128 0x1
 1061 00e8 13       		.uleb128 0x13
 1062 00e9 00       		.byte	0
 1063 00ea 00       		.byte	0
 1064 00eb 0F       		.uleb128 0xf
 1065 00ec 2E       		.uleb128 0x2e
 1066 00ed 01       		.byte	0x1
 1067 00ee 3F       		.uleb128 0x3f
 1068 00ef 19       		.uleb128 0x19
 1069 00f0 03       		.uleb128 0x3
 1070 00f1 0E       		.uleb128 0xe
 1071 00f2 3A       		.uleb128 0x3a
 1072 00f3 0B       		.uleb128 0xb
 1073 00f4 3B       		.uleb128 0x3b
 1074 00f5 05       		.uleb128 0x5
 1075 00f6 27       		.uleb128 0x27
 1076 00f7 19       		.uleb128 0x19
 1077 00f8 11       		.uleb128 0x11
 1078 00f9 01       		.uleb128 0x1
ARM GAS  C:\Users\almsk\AppData\Local\Temp\ccYOEwuq.s 			page 27


 1079 00fa 12       		.uleb128 0x12
 1080 00fb 06       		.uleb128 0x6
 1081 00fc 40       		.uleb128 0x40
 1082 00fd 18       		.uleb128 0x18
 1083 00fe 9742     		.uleb128 0x2117
 1084 0100 19       		.uleb128 0x19
 1085 0101 01       		.uleb128 0x1
 1086 0102 13       		.uleb128 0x13
 1087 0103 00       		.byte	0
 1088 0104 00       		.byte	0
 1089 0105 10       		.uleb128 0x10
 1090 0106 05       		.uleb128 0x5
 1091 0107 00       		.byte	0
 1092 0108 03       		.uleb128 0x3
 1093 0109 0E       		.uleb128 0xe
 1094 010a 3A       		.uleb128 0x3a
 1095 010b 0B       		.uleb128 0xb
 1096 010c 3B       		.uleb128 0x3b
 1097 010d 05       		.uleb128 0x5
 1098 010e 49       		.uleb128 0x49
 1099 010f 13       		.uleb128 0x13
 1100 0110 02       		.uleb128 0x2
 1101 0111 18       		.uleb128 0x18
 1102 0112 00       		.byte	0
 1103 0113 00       		.byte	0
 1104 0114 11       		.uleb128 0x11
 1105 0115 2E       		.uleb128 0x2e
 1106 0116 01       		.byte	0x1
 1107 0117 3F       		.uleb128 0x3f
 1108 0118 19       		.uleb128 0x19
 1109 0119 03       		.uleb128 0x3
 1110 011a 0E       		.uleb128 0xe
 1111 011b 3A       		.uleb128 0x3a
 1112 011c 0B       		.uleb128 0xb
 1113 011d 3B       		.uleb128 0x3b
 1114 011e 05       		.uleb128 0x5
 1115 011f 27       		.uleb128 0x27
 1116 0120 19       		.uleb128 0x19
 1117 0121 49       		.uleb128 0x49
 1118 0122 13       		.uleb128 0x13
 1119 0123 11       		.uleb128 0x11
 1120 0124 01       		.uleb128 0x1
 1121 0125 12       		.uleb128 0x12
 1122 0126 06       		.uleb128 0x6
 1123 0127 40       		.uleb128 0x40
 1124 0128 18       		.uleb128 0x18
 1125 0129 9742     		.uleb128 0x2117
 1126 012b 19       		.uleb128 0x19
 1127 012c 01       		.uleb128 0x1
 1128 012d 13       		.uleb128 0x13
 1129 012e 00       		.byte	0
 1130 012f 00       		.byte	0
 1131 0130 12       		.uleb128 0x12
 1132 0131 34       		.uleb128 0x34
 1133 0132 00       		.byte	0
 1134 0133 03       		.uleb128 0x3
 1135 0134 0E       		.uleb128 0xe
ARM GAS  C:\Users\almsk\AppData\Local\Temp\ccYOEwuq.s 			page 28


 1136 0135 3A       		.uleb128 0x3a
 1137 0136 0B       		.uleb128 0xb
 1138 0137 3B       		.uleb128 0x3b
 1139 0138 05       		.uleb128 0x5
 1140 0139 49       		.uleb128 0x49
 1141 013a 13       		.uleb128 0x13
 1142 013b 02       		.uleb128 0x2
 1143 013c 18       		.uleb128 0x18
 1144 013d 00       		.byte	0
 1145 013e 00       		.byte	0
 1146 013f 13       		.uleb128 0x13
 1147 0140 2E       		.uleb128 0x2e
 1148 0141 00       		.byte	0
 1149 0142 3F       		.uleb128 0x3f
 1150 0143 19       		.uleb128 0x19
 1151 0144 03       		.uleb128 0x3
 1152 0145 0E       		.uleb128 0xe
 1153 0146 3A       		.uleb128 0x3a
 1154 0147 0B       		.uleb128 0xb
 1155 0148 3B       		.uleb128 0x3b
 1156 0149 05       		.uleb128 0x5
 1157 014a 27       		.uleb128 0x27
 1158 014b 19       		.uleb128 0x19
 1159 014c 11       		.uleb128 0x11
 1160 014d 01       		.uleb128 0x1
 1161 014e 12       		.uleb128 0x12
 1162 014f 06       		.uleb128 0x6
 1163 0150 40       		.uleb128 0x40
 1164 0151 18       		.uleb128 0x18
 1165 0152 9742     		.uleb128 0x2117
 1166 0154 19       		.uleb128 0x19
 1167 0155 00       		.byte	0
 1168 0156 00       		.byte	0
 1169 0157 14       		.uleb128 0x14
 1170 0158 2E       		.uleb128 0x2e
 1171 0159 00       		.byte	0
 1172 015a 3F       		.uleb128 0x3f
 1173 015b 19       		.uleb128 0x19
 1174 015c 03       		.uleb128 0x3
 1175 015d 0E       		.uleb128 0xe
 1176 015e 3A       		.uleb128 0x3a
 1177 015f 0B       		.uleb128 0xb
 1178 0160 3B       		.uleb128 0x3b
 1179 0161 05       		.uleb128 0x5
 1180 0162 27       		.uleb128 0x27
 1181 0163 19       		.uleb128 0x19
 1182 0164 49       		.uleb128 0x49
 1183 0165 13       		.uleb128 0x13
 1184 0166 11       		.uleb128 0x11
 1185 0167 01       		.uleb128 0x1
 1186 0168 12       		.uleb128 0x12
 1187 0169 06       		.uleb128 0x6
 1188 016a 40       		.uleb128 0x40
 1189 016b 18       		.uleb128 0x18
 1190 016c 9742     		.uleb128 0x2117
 1191 016e 19       		.uleb128 0x19
 1192 016f 00       		.byte	0
ARM GAS  C:\Users\almsk\AppData\Local\Temp\ccYOEwuq.s 			page 29


 1193 0170 00       		.byte	0
 1194 0171 15       		.uleb128 0x15
 1195 0172 34       		.uleb128 0x34
 1196 0173 00       		.byte	0
 1197 0174 03       		.uleb128 0x3
 1198 0175 0E       		.uleb128 0xe
 1199 0176 3A       		.uleb128 0x3a
 1200 0177 0B       		.uleb128 0xb
 1201 0178 3B       		.uleb128 0x3b
 1202 0179 0B       		.uleb128 0xb
 1203 017a 49       		.uleb128 0x49
 1204 017b 13       		.uleb128 0x13
 1205 017c 3F       		.uleb128 0x3f
 1206 017d 19       		.uleb128 0x19
 1207 017e 3C       		.uleb128 0x3c
 1208 017f 19       		.uleb128 0x19
 1209 0180 00       		.byte	0
 1210 0181 00       		.byte	0
 1211 0182 00       		.byte	0
 1212              		.section	.debug_aranges,"",%progbits
 1213 0000 7C000000 		.4byte	0x7c
 1214 0004 0200     		.2byte	0x2
 1215 0006 00000000 		.4byte	.Ldebug_info0
 1216 000a 04       		.byte	0x4
 1217 000b 00       		.byte	0
 1218 000c 0000     		.2byte	0
 1219 000e 0000     		.2byte	0
 1220 0010 00000000 		.4byte	.LFB0
 1221 0014 20000000 		.4byte	.LFE0-.LFB0
 1222 0018 00000000 		.4byte	.LFB1
 1223 001c 24000000 		.4byte	.LFE1-.LFB1
 1224 0020 00000000 		.4byte	.LFB2
 1225 0024 18000000 		.4byte	.LFE2-.LFB2
 1226 0028 00000000 		.4byte	.LFB3
 1227 002c 18000000 		.4byte	.LFE3-.LFB3
 1228 0030 00000000 		.4byte	.LFB4
 1229 0034 24000000 		.4byte	.LFE4-.LFB4
 1230 0038 00000000 		.4byte	.LFB5
 1231 003c 20000000 		.4byte	.LFE5-.LFB5
 1232 0040 00000000 		.4byte	.LFB6
 1233 0044 24000000 		.4byte	.LFE6-.LFB6
 1234 0048 00000000 		.4byte	.LFB7
 1235 004c 20000000 		.4byte	.LFE7-.LFB7
 1236 0050 00000000 		.4byte	.LFB8
 1237 0054 18000000 		.4byte	.LFE8-.LFB8
 1238 0058 00000000 		.4byte	.LFB9
 1239 005c 1C000000 		.4byte	.LFE9-.LFB9
 1240 0060 00000000 		.4byte	.LFB10
 1241 0064 18000000 		.4byte	.LFE10-.LFB10
 1242 0068 00000000 		.4byte	.LFB11
 1243 006c 18000000 		.4byte	.LFE11-.LFB11
 1244 0070 00000000 		.4byte	.LFB12
 1245 0074 18000000 		.4byte	.LFE12-.LFB12
 1246 0078 00000000 		.4byte	0
 1247 007c 00000000 		.4byte	0
 1248              		.section	.debug_ranges,"",%progbits
 1249              	.Ldebug_ranges0:
ARM GAS  C:\Users\almsk\AppData\Local\Temp\ccYOEwuq.s 			page 30


 1250 0000 00000000 		.4byte	.LFB0
 1251 0004 20000000 		.4byte	.LFE0
 1252 0008 00000000 		.4byte	.LFB1
 1253 000c 24000000 		.4byte	.LFE1
 1254 0010 00000000 		.4byte	.LFB2
 1255 0014 18000000 		.4byte	.LFE2
 1256 0018 00000000 		.4byte	.LFB3
 1257 001c 18000000 		.4byte	.LFE3
 1258 0020 00000000 		.4byte	.LFB4
 1259 0024 24000000 		.4byte	.LFE4
 1260 0028 00000000 		.4byte	.LFB5
 1261 002c 20000000 		.4byte	.LFE5
 1262 0030 00000000 		.4byte	.LFB6
 1263 0034 24000000 		.4byte	.LFE6
 1264 0038 00000000 		.4byte	.LFB7
 1265 003c 20000000 		.4byte	.LFE7
 1266 0040 00000000 		.4byte	.LFB8
 1267 0044 18000000 		.4byte	.LFE8
 1268 0048 00000000 		.4byte	.LFB9
 1269 004c 1C000000 		.4byte	.LFE9
 1270 0050 00000000 		.4byte	.LFB10
 1271 0054 18000000 		.4byte	.LFE10
 1272 0058 00000000 		.4byte	.LFB11
 1273 005c 18000000 		.4byte	.LFE11
 1274 0060 00000000 		.4byte	.LFB12
 1275 0064 18000000 		.4byte	.LFE12
 1276 0068 00000000 		.4byte	0
 1277 006c 00000000 		.4byte	0
 1278              		.section	.debug_line,"",%progbits
 1279              	.Ldebug_line0:
 1280 0000 3F010000 		.section	.debug_str,"MS",%progbits,1
 1280      02004600 
 1280      00000201 
 1280      FB0E0D00 
 1280      01010101 
 1281              	.LASF17:
 1282 0000 72656733 		.ascii	"reg32\000"
 1282      3200
 1283              	.LASF34:
 1284 0006 474E5520 		.ascii	"GNU C11 5.4.1 20160609 (release) [ARM/embedded-5-br"
 1284      43313120 
 1284      352E342E 
 1284      31203230 
 1284      31363036 
 1285 0039 616E6368 		.ascii	"anch revision 237715] -mcpu=cortex-m3 -mthumb -g -O"
 1285      20726576 
 1285      6973696F 
 1285      6E203233 
 1285      37373135 
 1286 006c 30202D66 		.ascii	"0 -ffunction-sections -ffat-lto-objects\000"
 1286      66756E63 
 1286      74696F6E 
 1286      2D736563 
 1286      74696F6E 
 1287              	.LASF29:
 1288 0094 4953525F 		.ascii	"ISR_DMA_1_GetPriority\000"
 1288      444D415F 
ARM GAS  C:\Users\almsk\AppData\Local\Temp\ccYOEwuq.s 			page 31


 1288      315F4765 
 1288      74507269 
 1288      6F726974 
 1289              	.LASF37:
 1290 00aa 4953525F 		.ascii	"ISR_DMA_1_GetState\000"
 1290      444D415F 
 1290      315F4765 
 1290      74537461 
 1290      746500
 1291              	.LASF22:
 1292 00bd 4953525F 		.ascii	"ISR_DMA_1_StartEx\000"
 1292      444D415F 
 1292      315F5374 
 1292      61727445 
 1292      7800
 1293              	.LASF6:
 1294 00cf 73686F72 		.ascii	"short unsigned int\000"
 1294      7420756E 
 1294      7369676E 
 1294      65642069 
 1294      6E7400
 1295              	.LASF30:
 1296 00e2 4953525F 		.ascii	"ISR_DMA_1_Enable\000"
 1296      444D415F 
 1296      315F456E 
 1296      61626C65 
 1296      00
 1297              	.LASF14:
 1298 00f3 666C6F61 		.ascii	"float\000"
 1298      7400
 1299              	.LASF32:
 1300 00f9 4953525F 		.ascii	"ISR_DMA_1_SetPending\000"
 1300      444D415F 
 1300      315F5365 
 1300      7450656E 
 1300      64696E67 
 1301              	.LASF4:
 1302 010e 756E7369 		.ascii	"unsigned char\000"
 1302      676E6564 
 1302      20636861 
 1302      7200
 1303              	.LASF16:
 1304 011c 72656738 		.ascii	"reg8\000"
 1304      00
 1305              	.LASF8:
 1306 0121 6C6F6E67 		.ascii	"long unsigned int\000"
 1306      20756E73 
 1306      69676E65 
 1306      6420696E 
 1306      7400
 1307              	.LASF12:
 1308 0133 75696E74 		.ascii	"uint8\000"
 1308      3800
 1309              	.LASF36:
 1310 0139 433A5C55 		.ascii	"C:\\Users\\almsk\\Dropbox\\P5 - B2-203\\Projekt\\PS"
 1310      73657273 
 1310      5C616C6D 
ARM GAS  C:\Users\almsk\AppData\Local\Temp\ccYOEwuq.s 			page 32


 1310      736B5C44 
 1310      726F7062 
 1311 0166 6F435C53 		.ascii	"oC\\SampleOgMotor\\Project_Done_V0.4DisCon\\Project"
 1311      616D706C 
 1311      654F674D 
 1311      6F746F72 
 1311      5C50726F 
 1312 0196 5F446F6E 		.ascii	"_Done_V0.4DisCon.cydsn\000"
 1312      655F5630 
 1312      2E344469 
 1312      73436F6E 
 1312      2E637964 
 1313              	.LASF27:
 1314 01ad 7072696F 		.ascii	"priority\000"
 1314      72697479 
 1314      00
 1315              	.LASF33:
 1316 01b6 4953525F 		.ascii	"ISR_DMA_1_ClearPending\000"
 1316      444D415F 
 1316      315F436C 
 1316      65617250 
 1316      656E6469 
 1317              	.LASF15:
 1318 01cd 646F7562 		.ascii	"double\000"
 1318      6C6500
 1319              	.LASF26:
 1320 01d4 4953525F 		.ascii	"ISR_DMA_1_SetPriority\000"
 1320      444D415F 
 1320      315F5365 
 1320      74507269 
 1320      6F726974 
 1321              	.LASF35:
 1322 01ea 47656E65 		.ascii	"Generated_Source\\PSoC5\\ISR_DMA_1.c\000"
 1322      72617465 
 1322      645F536F 
 1322      75726365 
 1322      5C50536F 
 1323              	.LASF13:
 1324 020d 75696E74 		.ascii	"uint32\000"
 1324      333200
 1325              	.LASF0:
 1326 0214 756E7369 		.ascii	"unsigned int\000"
 1326      676E6564 
 1326      20696E74 
 1326      00
 1327              	.LASF23:
 1328 0221 4953525F 		.ascii	"ISR_DMA_1_SetVector\000"
 1328      444D415F 
 1328      315F5365 
 1328      74566563 
 1328      746F7200 
 1329              	.LASF24:
 1330 0235 61646472 		.ascii	"address\000"
 1330      65737300 
 1331              	.LASF9:
 1332 023d 6C6F6E67 		.ascii	"long long unsigned int\000"
 1332      206C6F6E 
ARM GAS  C:\Users\almsk\AppData\Local\Temp\ccYOEwuq.s 			page 33


 1332      6720756E 
 1332      7369676E 
 1332      65642069 
 1333              	.LASF19:
 1334 0254 4953525F 		.ascii	"ISR_DMA_1_Start\000"
 1334      444D415F 
 1334      315F5374 
 1334      61727400 
 1335              	.LASF18:
 1336 0264 63796973 		.ascii	"cyisraddress\000"
 1336      72616464 
 1336      72657373 
 1336      00
 1337              	.LASF38:
 1338 0271 444D4144 		.ascii	"DMADone_1_flag\000"
 1338      6F6E655F 
 1338      315F666C 
 1338      616700
 1339              	.LASF10:
 1340 0280 73697A65 		.ascii	"sizetype\000"
 1340      74797065 
 1340      00
 1341              	.LASF1:
 1342 0289 6C6F6E67 		.ascii	"long long int\000"
 1342      206C6F6E 
 1342      6720696E 
 1342      7400
 1343              	.LASF11:
 1344 0297 63686172 		.ascii	"char\000"
 1344      00
 1345              	.LASF25:
 1346 029c 72616D56 		.ascii	"ramVectorTable\000"
 1346      6563746F 
 1346      72546162 
 1346      6C6500
 1347              	.LASF5:
 1348 02ab 73686F72 		.ascii	"short int\000"
 1348      7420696E 
 1348      7400
 1349              	.LASF20:
 1350 02b5 4953525F 		.ascii	"ISR_DMA_1_Stop\000"
 1350      444D415F 
 1350      315F5374 
 1350      6F7000
 1351              	.LASF31:
 1352 02c4 4953525F 		.ascii	"ISR_DMA_1_Disable\000"
 1352      444D415F 
 1352      315F4469 
 1352      7361626C 
 1352      6500
 1353              	.LASF7:
 1354 02d6 6C6F6E67 		.ascii	"long int\000"
 1354      20696E74 
 1354      00
 1355              	.LASF2:
 1356 02df 6C6F6E67 		.ascii	"long double\000"
 1356      20646F75 
ARM GAS  C:\Users\almsk\AppData\Local\Temp\ccYOEwuq.s 			page 34


 1356      626C6500 
 1357              	.LASF3:
 1358 02eb 7369676E 		.ascii	"signed char\000"
 1358      65642063 
 1358      68617200 
 1359              	.LASF28:
 1360 02f7 4953525F 		.ascii	"ISR_DMA_1_GetVector\000"
 1360      444D415F 
 1360      315F4765 
 1360      74566563 
 1360      746F7200 
 1361              	.LASF21:
 1362 030b 4953525F 		.ascii	"ISR_DMA_1_Interrupt\000"
 1362      444D415F 
 1362      315F496E 
 1362      74657272 
 1362      75707400 
 1363              		.ident	"GCC: (GNU Tools for ARM Embedded Processors) 5.4.1 20160609 (release) [ARM/embedded-5-bran
